{"/Users/leddyr/Documents/GitHub/forked-rl/microgateway-core/tests/config-tests.js":{"path":"/Users/leddyr/Documents/GitHub/forked-rl/microgateway-core/tests/config-tests.js","statementMap":{"0":{"start":{"line":3,"column":10},"end":{"line":3,"column":27}},"1":{"start":{"line":4,"column":15},"end":{"line":4,"column":32}},"2":{"start":{"line":5,"column":23},"end":{"line":5,"column":42}},"3":{"start":{"line":6,"column":16},"end":{"line":6,"column":34}},"4":{"start":{"line":7,"column":16},"end":{"line":7,"column":34}},"5":{"start":{"line":8,"column":15},"end":{"line":8,"column":32}},"6":{"start":{"line":10,"column":20},"end":{"line":10,"column":24}},"7":{"start":{"line":11,"column":13},"end":{"line":11,"column":17}},"8":{"start":{"line":12,"column":19},"end":{"line":20,"column":1}},"9":{"start":{"line":25,"column":21},"end":{"line":40,"column":1}},"10":{"start":{"line":26,"column":2},"end":{"line":26,"column":36}},"11":{"start":{"line":28,"column":2},"end":{"line":28,"column":45}},"12":{"start":{"line":29,"column":2},"end":{"line":29,"column":43}},"13":{"start":{"line":31,"column":2},"end":{"line":31,"column":27}},"14":{"start":{"line":33,"column":2},"end":{"line":39,"column":4}},"15":{"start":{"line":34,"column":4},"end":{"line":34,"column":62}},"16":{"start":{"line":36,"column":4},"end":{"line":36,"column":36}},"17":{"start":{"line":38,"column":4},"end":{"line":38,"column":10}},"18":{"start":{"line":42,"column":0},"end":{"line":109,"column":2}},"19":{"start":{"line":43,"column":2},"end":{"line":53,"column":4}},"20":{"start":{"line":44,"column":4},"end":{"line":46,"column":5}},"21":{"start":{"line":45,"column":6},"end":{"line":45,"column":28}},"22":{"start":{"line":48,"column":4},"end":{"line":50,"column":5}},"23":{"start":{"line":49,"column":6},"end":{"line":49,"column":20}},"24":{"start":{"line":52,"column":4},"end":{"line":52,"column":10}},"25":{"start":{"line":55,"column":2},"end":{"line":108,"column":4}},"26":{"start":{"line":56,"column":4},"end":{"line":107,"column":6}},"27":{"start":{"line":57,"column":6},"end":{"line":79,"column":8}},"28":{"start":{"line":58,"column":8},"end":{"line":78,"column":10}},"29":{"start":{"line":59,"column":4},"end":{"line":59,"column":34}},"30":{"start":{"line":60,"column":12},"end":{"line":60,"column":45}},"31":{"start":{"line":61,"column":12},"end":{"line":61,"column":42}},"32":{"start":{"line":63,"column":10},"end":{"line":63,"column":61}},"33":{"start":{"line":64,"column":10},"end":{"line":64,"column":23}},"34":{"start":{"line":66,"column":10},"end":{"line":77,"column":12}},"35":{"start":{"line":67,"column":12},"end":{"line":67,"column":29}},"36":{"start":{"line":69,"column":12},"end":{"line":76,"column":14}},"37":{"start":{"line":73,"column":14},"end":{"line":73,"column":31}},"38":{"start":{"line":74,"column":14},"end":{"line":74,"column":38}},"39":{"start":{"line":75,"column":14},"end":{"line":75,"column":20}},"40":{"start":{"line":81,"column":6},"end":{"line":106,"column":8}},"41":{"start":{"line":82,"column":21},"end":{"line":82,"column":44}},"42":{"start":{"line":84,"column":8},"end":{"line":86,"column":9}},"43":{"start":{"line":88,"column":8},"end":{"line":105,"column":10}},"44":{"start":{"line":89,"column":10},"end":{"line":89,"column":35}},"45":{"start":{"line":90,"column":10},"end":{"line":90,"column":68}},"46":{"start":{"line":91,"column":10},"end":{"line":91,"column":23}},"47":{"start":{"line":93,"column":10},"end":{"line":104,"column":12}},"48":{"start":{"line":94,"column":12},"end":{"line":94,"column":29}},"49":{"start":{"line":96,"column":12},"end":{"line":103,"column":14}},"50":{"start":{"line":100,"column":14},"end":{"line":100,"column":31}},"51":{"start":{"line":101,"column":14},"end":{"line":101,"column":38}},"52":{"start":{"line":102,"column":14},"end":{"line":102,"column":20}}},"fnMap":{"0":{"name":"(anonymous_0)","decl":{"start":{"line":25,"column":21},"end":{"line":25,"column":22}},"loc":{"start":{"line":25,"column":48},"end":{"line":40,"column":1}},"line":25},"1":{"name":"(anonymous_1)","decl":{"start":{"line":33,"column":22},"end":{"line":33,"column":23}},"loc":{"start":{"line":33,"column":33},"end":{"line":39,"column":3}},"line":33},"2":{"name":"(anonymous_2)","decl":{"start":{"line":42,"column":40},"end":{"line":42,"column":41}},"loc":{"start":{"line":42,"column":46},"end":{"line":109,"column":1}},"line":42},"3":{"name":"(anonymous_3)","decl":{"start":{"line":43,"column":12},"end":{"line":43,"column":13}},"loc":{"start":{"line":43,"column":22},"end":{"line":53,"column":3}},"line":43},"4":{"name":"(anonymous_4)","decl":{"start":{"line":45,"column":19},"end":{"line":45,"column":20}},"loc":{"start":{"line":45,"column":25},"end":{"line":45,"column":27}},"line":45},"5":{"name":"(anonymous_5)","decl":{"start":{"line":55,"column":22},"end":{"line":55,"column":23}},"loc":{"start":{"line":55,"column":28},"end":{"line":108,"column":3}},"line":55},"6":{"name":"(anonymous_6)","decl":{"start":{"line":56,"column":21},"end":{"line":56,"column":22}},"loc":{"start":{"line":56,"column":27},"end":{"line":107,"column":5}},"line":56},"7":{"name":"(anonymous_7)","decl":{"start":{"line":57,"column":34},"end":{"line":57,"column":35}},"loc":{"start":{"line":57,"column":44},"end":{"line":79,"column":7}},"line":57},"8":{"name":"(anonymous_8)","decl":{"start":{"line":58,"column":33},"end":{"line":58,"column":34}},"loc":{"start":{"line":58,"column":53},"end":{"line":65,"column":9}},"line":58},"9":{"name":"(anonymous_9)","decl":{"start":{"line":65,"column":11},"end":{"line":65,"column":12}},"loc":{"start":{"line":65,"column":17},"end":{"line":78,"column":9}},"line":65},"10":{"name":"(anonymous_10)","decl":{"start":{"line":66,"column":24},"end":{"line":66,"column":25}},"loc":{"start":{"line":66,"column":33},"end":{"line":77,"column":11}},"line":66},"11":{"name":"(anonymous_11)","decl":{"start":{"line":72,"column":15},"end":{"line":72,"column":16}},"loc":{"start":{"line":72,"column":33},"end":{"line":76,"column":13}},"line":72},"12":{"name":"(anonymous_12)","decl":{"start":{"line":81,"column":17},"end":{"line":81,"column":18}},"loc":{"start":{"line":81,"column":27},"end":{"line":106,"column":7}},"line":81},"13":{"name":"(anonymous_13)","decl":{"start":{"line":88,"column":29},"end":{"line":88,"column":30}},"loc":{"start":{"line":88,"column":49},"end":{"line":92,"column":9}},"line":88},"14":{"name":"(anonymous_14)","decl":{"start":{"line":92,"column":11},"end":{"line":92,"column":12}},"loc":{"start":{"line":92,"column":17},"end":{"line":105,"column":9}},"line":92},"15":{"name":"(anonymous_15)","decl":{"start":{"line":93,"column":24},"end":{"line":93,"column":25}},"loc":{"start":{"line":93,"column":33},"end":{"line":104,"column":11}},"line":93},"16":{"name":"(anonymous_16)","decl":{"start":{"line":99,"column":15},"end":{"line":99,"column":16}},"loc":{"start":{"line":99,"column":33},"end":{"line":103,"column":13}},"line":99}},"branchMap":{"0":{"loc":{"start":{"line":44,"column":4},"end":{"line":46,"column":5}},"type":"if","locations":[{"start":{"line":44,"column":4},"end":{"line":46,"column":5}},{"start":{"line":44,"column":4},"end":{"line":46,"column":5}}],"line":44},"1":{"loc":{"start":{"line":48,"column":4},"end":{"line":50,"column":5}},"type":"if","locations":[{"start":{"line":48,"column":4},"end":{"line":50,"column":5}},{"start":{"line":48,"column":4},"end":{"line":50,"column":5}}],"line":48}},"s":{"0":1,"1":1,"2":1,"3":1,"4":1,"5":1,"6":1,"7":1,"8":1,"9":1,"10":2,"11":2,"12":2,"13":2,"14":2,"15":2,"16":2,"17":2,"18":1,"19":1,"20":2,"21":2,"22":2,"23":2,"24":2,"25":1,"26":1,"27":1,"28":1,"29":1,"30":1,"31":1,"32":1,"33":1,"34":1,"35":1,"36":1,"37":1,"38":1,"39":1,"40":1,"41":1,"42":1,"43":1,"44":1,"45":1,"46":1,"47":1,"48":1,"49":1,"50":1,"51":1,"52":1},"f":{"0":2,"1":2,"2":1,"3":2,"4":2,"5":1,"6":1,"7":1,"8":1,"9":1,"10":1,"11":1,"12":1,"13":1,"14":1,"15":1,"16":1},"b":{"0":[2,0],"1":[2,0]},"_coverageSchema":"43e27e138ebf9cfc5966b082cf9a028302ed4184","hash":"934abbfab97a3dab284468eb26f3e34e026722d5","contentHash":"f8a0a42a0b5136c5070d2cc40f5cd13abc67f6a270fdabbc0a92ccd2d6e7a996"},"/Users/leddyr/Documents/GitHub/forked-rl/microgateway-core/index.js":{"path":"/Users/leddyr/Documents/GitHub/forked-rl/microgateway-core/index.js","statementMap":{"0":{"start":{"line":2,"column":12},"end":{"line":2,"column":45}},"1":{"start":{"line":3,"column":11},"end":{"line":3,"column":26}},"2":{"start":{"line":4,"column":14},"end":{"line":4,"column":38}},"3":{"start":{"line":5,"column":13},"end":{"line":5,"column":30}},"4":{"start":{"line":6,"column":14},"end":{"line":6,"column":38}},"5":{"start":{"line":7,"column":12},"end":{"line":7,"column":34}},"6":{"start":{"line":9,"column":17},"end":{"line":9,"column":41}},"7":{"start":{"line":10,"column":11},"end":{"line":10,"column":26}},"8":{"start":{"line":11,"column":20},"end":{"line":11,"column":43}},"9":{"start":{"line":12,"column":8},"end":{"line":12,"column":25}},"10":{"start":{"line":19,"column":14},"end":{"line":27,"column":1}},"11":{"start":{"line":20,"column":2},"end":{"line":20,"column":47}},"12":{"start":{"line":21,"column":2},"end":{"line":21,"column":24}},"13":{"start":{"line":22,"column":2},"end":{"line":22,"column":29}},"14":{"start":{"line":23,"column":2},"end":{"line":23,"column":16}},"15":{"start":{"line":24,"column":2},"end":{"line":24,"column":20}},"16":{"start":{"line":25,"column":2},"end":{"line":25,"column":35}},"17":{"start":{"line":30,"column":0},"end":{"line":32,"column":1}},"18":{"start":{"line":31,"column":2},"end":{"line":31,"column":29}},"19":{"start":{"line":34,"column":0},"end":{"line":34,"column":33}},"20":{"start":{"line":35,"column":0},"end":{"line":47,"column":2}},"21":{"start":{"line":36,"column":16},"end":{"line":36,"column":35}},"22":{"start":{"line":37,"column":17},"end":{"line":37,"column":36}},"23":{"start":{"line":38,"column":17},"end":{"line":38,"column":29}},"24":{"start":{"line":39,"column":2},"end":{"line":39,"column":30}},"25":{"start":{"line":41,"column":2},"end":{"line":46,"column":5}},"26":{"start":{"line":42,"column":4},"end":{"line":44,"column":5}},"27":{"start":{"line":43,"column":6},"end":{"line":43,"column":54}},"28":{"start":{"line":45,"column":4},"end":{"line":45,"column":26}},"29":{"start":{"line":49,"column":0},"end":{"line":51,"column":1}},"30":{"start":{"line":50,"column":2},"end":{"line":50,"column":19}},"31":{"start":{"line":53,"column":0},"end":{"line":59,"column":2}},"32":{"start":{"line":54,"column":2},"end":{"line":54,"column":40}},"33":{"start":{"line":55,"column":2},"end":{"line":55,"column":51}},"34":{"start":{"line":56,"column":2},"end":{"line":56,"column":131}},"35":{"start":{"line":57,"column":18},"end":{"line":57,"column":79}},"36":{"start":{"line":58,"column":2},"end":{"line":58,"column":29}}},"fnMap":{"0":{"name":"(anonymous_0)","decl":{"start":{"line":19,"column":14},"end":{"line":19,"column":15}},"loc":{"start":{"line":19,"column":32},"end":{"line":27,"column":1}},"line":19},"1":{"name":"(anonymous_1)","decl":{"start":{"line":30,"column":17},"end":{"line":30,"column":18}},"loc":{"start":{"line":30,"column":35},"end":{"line":32,"column":1}},"line":30},"2":{"name":"(anonymous_2)","decl":{"start":{"line":35,"column":26},"end":{"line":35,"column":27}},"loc":{"start":{"line":35,"column":40},"end":{"line":47,"column":1}},"line":35},"3":{"name":"(anonymous_3)","decl":{"start":{"line":41,"column":26},"end":{"line":41,"column":27}},"loc":{"start":{"line":41,"column":49},"end":{"line":46,"column":3}},"line":41},"4":{"name":"(anonymous_4)","decl":{"start":{"line":49,"column":25},"end":{"line":49,"column":26}},"loc":{"start":{"line":49,"column":37},"end":{"line":51,"column":1}},"line":49},"5":{"name":"(anonymous_5)","decl":{"start":{"line":53,"column":30},"end":{"line":53,"column":31}},"loc":{"start":{"line":53,"column":53},"end":{"line":59,"column":1}},"line":53}},"branchMap":{"0":{"loc":{"start":{"line":42,"column":4},"end":{"line":44,"column":5}},"type":"if","locations":[{"start":{"line":42,"column":4},"end":{"line":44,"column":5}},{"start":{"line":42,"column":4},"end":{"line":44,"column":5}}],"line":42}},"s":{"0":1,"1":1,"2":1,"3":1,"4":1,"5":1,"6":1,"7":1,"8":1,"9":1,"10":1,"11":28,"12":28,"13":28,"14":28,"15":28,"16":28,"17":1,"18":28,"19":1,"20":1,"21":28,"22":28,"23":28,"24":28,"25":28,"26":28,"27":0,"28":28,"29":1,"30":28,"31":1,"32":8,"33":8,"34":8,"35":8,"36":8},"f":{"0":28,"1":28,"2":28,"3":28,"4":28,"5":8},"b":{"0":[0,28]},"_coverageSchema":"43e27e138ebf9cfc5966b082cf9a028302ed4184","hash":"b87eb6b877f422056a35392d9cd4ad7f1d9f678c","contentHash":"ca904915b8a6b584e47e863af4aa8fa2b08aafec26c82a586472fa470a96fcf4"},"/Users/leddyr/Documents/GitHub/forked-rl/microgateway-core/lib/gateway.js":{"path":"/Users/leddyr/Documents/GitHub/forked-rl/microgateway-core/lib/gateway.js","statementMap":{"0":{"start":{"line":3,"column":13},"end":{"line":3,"column":28}},"1":{"start":{"line":4,"column":14},"end":{"line":4,"column":30}},"2":{"start":{"line":5,"column":14},"end":{"line":5,"column":46}},"3":{"start":{"line":6,"column":13},"end":{"line":6,"column":28}},"4":{"start":{"line":7,"column":11},"end":{"line":7,"column":24}},"5":{"start":{"line":8,"column":14},"end":{"line":8,"column":30}},"6":{"start":{"line":9,"column":27},"end":{"line":9,"column":63}},"7":{"start":{"line":10,"column":23},"end":{"line":10,"column":54}},"8":{"start":{"line":11,"column":18},"end":{"line":11,"column":48}},"9":{"start":{"line":12,"column":16},"end":{"line":12,"column":36}},"10":{"start":{"line":13,"column":15},"end":{"line":13,"column":32}},"11":{"start":{"line":14,"column":22},"end":{"line":14,"column":41}},"12":{"start":{"line":26,"column":0},"end":{"line":159,"column":1}},"13":{"start":{"line":27,"column":4},"end":{"line":157,"column":5}},"14":{"start":{"line":28,"column":21},"end":{"line":28,"column":40}},"15":{"start":{"line":30,"column":8},"end":{"line":30,"column":45}},"16":{"start":{"line":31,"column":23},"end":{"line":31,"column":42}},"17":{"start":{"line":33,"column":28},"end":{"line":33,"column":48}},"18":{"start":{"line":34,"column":34},"end":{"line":34,"column":57}},"19":{"start":{"line":35,"column":23},"end":{"line":35,"column":48}},"20":{"start":{"line":37,"column":33},"end":{"line":56,"column":9}},"21":{"start":{"line":39,"column":12},"end":{"line":39,"column":47}},"22":{"start":{"line":41,"column":12},"end":{"line":55,"column":18}},"23":{"start":{"line":43,"column":24},"end":{"line":43,"column":49}},"24":{"start":{"line":46,"column":24},"end":{"line":46,"column":55}},"25":{"start":{"line":50,"column":20},"end":{"line":50,"column":41}},"26":{"start":{"line":51,"column":20},"end":{"line":54,"column":21}},"27":{"start":{"line":52,"column":42},"end":{"line":52,"column":67}},"28":{"start":{"line":53,"column":24},"end":{"line":53,"column":56}},"29":{"start":{"line":58,"column":8},"end":{"line":98,"column":9}},"30":{"start":{"line":60,"column":28},"end":{"line":69,"column":13}},"31":{"start":{"line":71,"column":22},"end":{"line":71,"column":46}},"32":{"start":{"line":72,"column":23},"end":{"line":72,"column":48}},"33":{"start":{"line":73,"column":22},"end":{"line":73,"column":46}},"34":{"start":{"line":74,"column":21},"end":{"line":74,"column":44}},"35":{"start":{"line":75,"column":22},"end":{"line":75,"column":46}},"36":{"start":{"line":77,"column":12},"end":{"line":80,"column":13}},"37":{"start":{"line":78,"column":16},"end":{"line":78,"column":73}},"38":{"start":{"line":79,"column":16},"end":{"line":79,"column":75}},"39":{"start":{"line":82,"column":12},"end":{"line":84,"column":13}},"40":{"start":{"line":83,"column":16},"end":{"line":83,"column":71}},"41":{"start":{"line":86,"column":12},"end":{"line":89,"column":13}},"42":{"start":{"line":88,"column":16},"end":{"line":88,"column":65}},"43":{"start":{"line":91,"column":12},"end":{"line":93,"column":13}},"44":{"start":{"line":92,"column":16},"end":{"line":92,"column":65}},"45":{"start":{"line":95,"column":12},"end":{"line":95,"column":66}},"46":{"start":{"line":97,"column":12},"end":{"line":97,"column":56}},"47":{"start":{"line":100,"column":8},"end":{"line":100,"column":29}},"48":{"start":{"line":102,"column":8},"end":{"line":108,"column":11}},"49":{"start":{"line":104,"column":12},"end":{"line":107,"column":13}},"50":{"start":{"line":105,"column":16},"end":{"line":105,"column":41}},"51":{"start":{"line":106,"column":16},"end":{"line":106,"column":40}},"52":{"start":{"line":110,"column":8},"end":{"line":121,"column":11}},"53":{"start":{"line":111,"column":12},"end":{"line":113,"column":14}},"54":{"start":{"line":115,"column":12},"end":{"line":115,"column":57}},"55":{"start":{"line":117,"column":12},"end":{"line":119,"column":15}},"56":{"start":{"line":120,"column":12},"end":{"line":120,"column":20}},"57":{"start":{"line":126,"column":31},"end":{"line":126,"column":63}},"58":{"start":{"line":127,"column":8},"end":{"line":129,"column":9}},"59":{"start":{"line":128,"column":12},"end":{"line":128,"column":50}},"60":{"start":{"line":132,"column":8},"end":{"line":153,"column":9}},"61":{"start":{"line":133,"column":12},"end":{"line":140,"column":14}},"62":{"start":{"line":134,"column":16},"end":{"line":136,"column":17}},"63":{"start":{"line":135,"column":20},"end":{"line":135,"column":34}},"64":{"start":{"line":138,"column":16},"end":{"line":138,"column":123}},"65":{"start":{"line":139,"column":16},"end":{"line":139,"column":32}},"66":{"start":{"line":142,"column":12},"end":{"line":152,"column":14}},"67":{"start":{"line":143,"column":16},"end":{"line":145,"column":17}},"68":{"start":{"line":144,"column":20},"end":{"line":144,"column":34}},"69":{"start":{"line":147,"column":16},"end":{"line":150,"column":90}},"70":{"start":{"line":151,"column":16},"end":{"line":151,"column":32}},"71":{"start":{"line":156,"column":8},"end":{"line":156,"column":15}},"72":{"start":{"line":161,"column":0},"end":{"line":166,"column":1}},"73":{"start":{"line":162,"column":4},"end":{"line":165,"column":5}},"74":{"start":{"line":163,"column":8},"end":{"line":163,"column":24}},"75":{"start":{"line":164,"column":8},"end":{"line":164,"column":26}}},"fnMap":{"0":{"name":"(anonymous_0)","decl":{"start":{"line":26,"column":23},"end":{"line":26,"column":24}},"loc":{"start":{"line":26,"column":45},"end":{"line":159,"column":1}},"line":26},"1":{"name":"(anonymous_1)","decl":{"start":{"line":37,"column":33},"end":{"line":37,"column":34}},"loc":{"start":{"line":37,"column":52},"end":{"line":56,"column":9}},"line":37},"2":{"name":"(anonymous_2)","decl":{"start":{"line":42,"column":20},"end":{"line":42,"column":21}},"loc":{"start":{"line":42,"column":33},"end":{"line":44,"column":21}},"line":42},"3":{"name":"(anonymous_3)","decl":{"start":{"line":45,"column":20},"end":{"line":45,"column":21}},"loc":{"start":{"line":45,"column":33},"end":{"line":47,"column":21}},"line":45},"4":{"name":"(anonymous_4)","decl":{"start":{"line":49,"column":16},"end":{"line":49,"column":17}},"loc":{"start":{"line":49,"column":30},"end":{"line":55,"column":17}},"line":49},"5":{"name":"(anonymous_5)","decl":{"start":{"line":102,"column":32},"end":{"line":102,"column":33}},"loc":{"start":{"line":102,"column":44},"end":{"line":108,"column":9}},"line":102},"6":{"name":"(anonymous_6)","decl":{"start":{"line":110,"column":27},"end":{"line":110,"column":28}},"loc":{"start":{"line":110,"column":51},"end":{"line":121,"column":9}},"line":110},"7":{"name":"(anonymous_7)","decl":{"start":{"line":133,"column":75},"end":{"line":133,"column":76}},"loc":{"start":{"line":133,"column":89},"end":{"line":140,"column":13}},"line":133},"8":{"name":"(anonymous_8)","decl":{"start":{"line":142,"column":49},"end":{"line":142,"column":50}},"loc":{"start":{"line":142,"column":63},"end":{"line":152,"column":13}},"line":142},"9":{"name":"stop","decl":{"start":{"line":161,"column":31},"end":{"line":161,"column":35}},"loc":{"start":{"line":161,"column":40},"end":{"line":166,"column":1}},"line":161}},"branchMap":{"0":{"loc":{"start":{"line":51,"column":20},"end":{"line":54,"column":21}},"type":"if","locations":[{"start":{"line":51,"column":20},"end":{"line":54,"column":21}},{"start":{"line":51,"column":20},"end":{"line":54,"column":21}}],"line":51},"1":{"loc":{"start":{"line":58,"column":8},"end":{"line":98,"column":9}},"type":"if","locations":[{"start":{"line":58,"column":8},"end":{"line":98,"column":9}},{"start":{"line":58,"column":8},"end":{"line":98,"column":9}}],"line":58},"2":{"loc":{"start":{"line":77,"column":12},"end":{"line":80,"column":13}},"type":"if","locations":[{"start":{"line":77,"column":12},"end":{"line":80,"column":13}},{"start":{"line":77,"column":12},"end":{"line":80,"column":13}}],"line":77},"3":{"loc":{"start":{"line":77,"column":16},"end":{"line":77,"column":27}},"type":"binary-expr","locations":[{"start":{"line":77,"column":16},"end":{"line":77,"column":19}},{"start":{"line":77,"column":23},"end":{"line":77,"column":27}}],"line":77},"4":{"loc":{"start":{"line":82,"column":12},"end":{"line":84,"column":13}},"type":"if","locations":[{"start":{"line":82,"column":12},"end":{"line":84,"column":13}},{"start":{"line":82,"column":12},"end":{"line":84,"column":13}}],"line":82},"5":{"loc":{"start":{"line":86,"column":12},"end":{"line":89,"column":13}},"type":"if","locations":[{"start":{"line":86,"column":12},"end":{"line":89,"column":13}},{"start":{"line":86,"column":12},"end":{"line":89,"column":13}}],"line":86},"6":{"loc":{"start":{"line":91,"column":12},"end":{"line":93,"column":13}},"type":"if","locations":[{"start":{"line":91,"column":12},"end":{"line":93,"column":13}},{"start":{"line":91,"column":12},"end":{"line":93,"column":13}}],"line":91},"7":{"loc":{"start":{"line":104,"column":12},"end":{"line":107,"column":13}},"type":"if","locations":[{"start":{"line":104,"column":12},"end":{"line":107,"column":13}},{"start":{"line":104,"column":12},"end":{"line":107,"column":13}}],"line":104},"8":{"loc":{"start":{"line":111,"column":12},"end":{"line":113,"column":14}},"type":"binary-expr","locations":[{"start":{"line":111,"column":12},"end":{"line":111,"column":15}},{"start":{"line":111,"column":19},"end":{"line":113,"column":14}}],"line":111},"9":{"loc":{"start":{"line":117,"column":12},"end":{"line":119,"column":14}},"type":"binary-expr","locations":[{"start":{"line":117,"column":12},"end":{"line":117,"column":15}},{"start":{"line":117,"column":19},"end":{"line":119,"column":14}}],"line":117},"10":{"loc":{"start":{"line":127,"column":8},"end":{"line":129,"column":9}},"type":"if","locations":[{"start":{"line":127,"column":8},"end":{"line":129,"column":9}},{"start":{"line":127,"column":8},"end":{"line":129,"column":9}}],"line":127},"11":{"loc":{"start":{"line":127,"column":12},"end":{"line":127,"column":86}},"type":"binary-expr","locations":[{"start":{"line":127,"column":12},"end":{"line":127,"column":26}},{"start":{"line":127,"column":30},"end":{"line":127,"column":64}},{"start":{"line":127,"column":68},"end":{"line":127,"column":86}}],"line":127},"12":{"loc":{"start":{"line":132,"column":8},"end":{"line":153,"column":9}},"type":"if","locations":[{"start":{"line":132,"column":8},"end":{"line":153,"column":9}},{"start":{"line":132,"column":8},"end":{"line":153,"column":9}}],"line":132},"13":{"loc":{"start":{"line":134,"column":16},"end":{"line":136,"column":17}},"type":"if","locations":[{"start":{"line":134,"column":16},"end":{"line":136,"column":17}},{"start":{"line":134,"column":16},"end":{"line":136,"column":17}}],"line":134},"14":{"loc":{"start":{"line":143,"column":16},"end":{"line":145,"column":17}},"type":"if","locations":[{"start":{"line":143,"column":16},"end":{"line":145,"column":17}},{"start":{"line":143,"column":16},"end":{"line":145,"column":17}}],"line":143},"15":{"loc":{"start":{"line":162,"column":4},"end":{"line":165,"column":5}},"type":"if","locations":[{"start":{"line":162,"column":4},"end":{"line":165,"column":5}},{"start":{"line":162,"column":4},"end":{"line":165,"column":5}}],"line":162}},"s":{"0":1,"1":1,"2":1,"3":1,"4":1,"5":1,"6":1,"7":1,"8":1,"9":1,"10":1,"11":1,"12":1,"13":28,"14":28,"15":28,"16":28,"17":28,"18":28,"19":28,"20":28,"21":28,"22":28,"23":28,"24":28,"25":27,"26":27,"27":4,"28":4,"29":28,"30":1,"31":1,"32":1,"33":1,"34":1,"35":1,"36":1,"37":1,"38":1,"39":1,"40":0,"41":1,"42":0,"43":1,"44":0,"45":1,"46":27,"47":28,"48":28,"49":28,"50":0,"51":0,"52":28,"53":0,"54":0,"55":0,"56":0,"57":28,"58":28,"59":0,"60":28,"61":0,"62":0,"63":0,"64":0,"65":0,"66":28,"67":28,"68":0,"69":28,"70":28,"71":0,"72":1,"73":28,"74":28,"75":28},"f":{"0":28,"1":28,"2":28,"3":28,"4":27,"5":28,"6":0,"7":0,"8":28,"9":28},"b":{"0":[4,23],"1":[1,27],"2":[1,0],"3":[1,1],"4":[0,1],"5":[0,1],"6":[0,1],"7":[0,28],"8":[0,0],"9":[0,0],"10":[0,28],"11":[28,0,0],"12":[0,28],"13":[0,0],"14":[0,28],"15":[28,0]},"_coverageSchema":"43e27e138ebf9cfc5966b082cf9a028302ed4184","hash":"1654f8ca8cc6c7bb96e0e125c59b8afeff93ac5f","contentHash":"051bcc0c96fc8fd12284b5e818157cc0f170a04a3ad04d6ad6472ae320181745"},"/Users/leddyr/Documents/GitHub/forked-rl/microgateway-core/lib/config-proxy-middleware.js":{"path":"/Users/leddyr/Documents/GitHub/forked-rl/microgateway-core/lib/config-proxy-middleware.js","statementMap":{"0":{"start":{"line":3,"column":13},"end":{"line":3,"column":28}},"1":{"start":{"line":4,"column":12},"end":{"line":4,"column":26}},"2":{"start":{"line":5,"column":14},"end":{"line":5,"column":46}},"3":{"start":{"line":6,"column":22},"end":{"line":6,"column":41}},"4":{"start":{"line":7,"column":27},"end":{"line":7,"column":35}},"5":{"start":{"line":8,"column":13},"end":{"line":8,"column":28}},"6":{"start":{"line":9,"column":14},"end":{"line":9,"column":30}},"7":{"start":{"line":10,"column":10},"end":{"line":10,"column":27}},"8":{"start":{"line":11,"column":25},"end":{"line":11,"column":56}},"9":{"start":{"line":12,"column":21},"end":{"line":12,"column":49}},"10":{"start":{"line":13,"column":25},"end":{"line":13,"column":56}},"11":{"start":{"line":14,"column":29},"end":{"line":14,"column":66}},"12":{"start":{"line":15,"column":30},"end":{"line":15,"column":68}},"13":{"start":{"line":16,"column":18},"end":{"line":16,"column":38}},"14":{"start":{"line":23,"column":0},"end":{"line":141,"column":2}},"15":{"start":{"line":25,"column":19},"end":{"line":25,"column":38}},"16":{"start":{"line":27,"column":28},"end":{"line":27,"column":50}},"17":{"start":{"line":28,"column":34},"end":{"line":28,"column":63}},"18":{"start":{"line":30,"column":4},"end":{"line":92,"column":5}},"19":{"start":{"line":31,"column":8},"end":{"line":91,"column":11}},"20":{"start":{"line":32,"column":12},"end":{"line":35,"column":13}},"21":{"start":{"line":33,"column":44},"end":{"line":33,"column":70}},"22":{"start":{"line":34,"column":34},"end":{"line":34,"column":77}},"23":{"start":{"line":37,"column":12},"end":{"line":37,"column":51}},"24":{"start":{"line":38,"column":27},"end":{"line":38,"column":64}},"25":{"start":{"line":39,"column":12},"end":{"line":39,"column":58}},"26":{"start":{"line":40,"column":12},"end":{"line":40,"column":34}},"27":{"start":{"line":41,"column":12},"end":{"line":41,"column":48}},"28":{"start":{"line":42,"column":27},"end":{"line":42,"column":31}},"29":{"start":{"line":44,"column":12},"end":{"line":46,"column":13}},"30":{"start":{"line":45,"column":16},"end":{"line":45,"column":33}},"31":{"start":{"line":47,"column":23},"end":{"line":50,"column":13}},"32":{"start":{"line":52,"column":12},"end":{"line":79,"column":13}},"33":{"start":{"line":54,"column":31},"end":{"line":66,"column":18}},"34":{"start":{"line":55,"column":35},"end":{"line":55,"column":59}},"35":{"start":{"line":59,"column":20},"end":{"line":61,"column":21}},"36":{"start":{"line":60,"column":24},"end":{"line":60,"column":66}},"37":{"start":{"line":63,"column":20},"end":{"line":65,"column":62}},"38":{"start":{"line":68,"column":16},"end":{"line":77,"column":17}},"39":{"start":{"line":70,"column":36},"end":{"line":70,"column":55}},"40":{"start":{"line":71,"column":31},"end":{"line":71,"column":50}},"41":{"start":{"line":72,"column":39},"end":{"line":72,"column":67}},"42":{"start":{"line":73,"column":31},"end":{"line":73,"column":35}},"43":{"start":{"line":74,"column":20},"end":{"line":74,"column":40}},"44":{"start":{"line":75,"column":20},"end":{"line":75,"column":52}},"45":{"start":{"line":76,"column":20},"end":{"line":76,"column":54}},"46":{"start":{"line":81,"column":26},"end":{"line":81,"column":70}},"47":{"start":{"line":82,"column":37},"end":{"line":82,"column":69}},"48":{"start":{"line":83,"column":12},"end":{"line":90,"column":13}},"49":{"start":{"line":84,"column":36},"end":{"line":84,"column":82}},"50":{"start":{"line":85,"column":16},"end":{"line":85,"column":42}},"51":{"start":{"line":86,"column":16},"end":{"line":86,"column":43}},"52":{"start":{"line":88,"column":16},"end":{"line":88,"column":55}},"53":{"start":{"line":89,"column":16},"end":{"line":89,"column":44}},"54":{"start":{"line":94,"column":4},"end":{"line":139,"column":6}},"55":{"start":{"line":95,"column":23},"end":{"line":95,"column":47}},"56":{"start":{"line":97,"column":8},"end":{"line":97,"column":28}},"57":{"start":{"line":99,"column":8},"end":{"line":99,"column":34}},"58":{"start":{"line":100,"column":8},"end":{"line":100,"column":33}},"59":{"start":{"line":102,"column":8},"end":{"line":104,"column":10}},"60":{"start":{"line":103,"column":12},"end":{"line":103,"column":40}},"61":{"start":{"line":106,"column":8},"end":{"line":108,"column":10}},"62":{"start":{"line":107,"column":12},"end":{"line":107,"column":40}},"63":{"start":{"line":110,"column":22},"end":{"line":110,"column":75}},"64":{"start":{"line":112,"column":8},"end":{"line":119,"column":9}},"65":{"start":{"line":113,"column":12},"end":{"line":113,"column":33}},"66":{"start":{"line":114,"column":12},"end":{"line":114,"column":77}},"67":{"start":{"line":115,"column":12},"end":{"line":115,"column":120}},"68":{"start":{"line":116,"column":28},"end":{"line":116,"column":92}},"69":{"start":{"line":117,"column":12},"end":{"line":117,"column":44}},"70":{"start":{"line":118,"column":12},"end":{"line":118,"column":33}},"71":{"start":{"line":121,"column":8},"end":{"line":121,"column":26}},"72":{"start":{"line":123,"column":8},"end":{"line":123,"column":118}},"73":{"start":{"line":125,"column":33},"end":{"line":125,"column":71}},"74":{"start":{"line":127,"column":31},"end":{"line":127,"column":78}},"75":{"start":{"line":129,"column":12},"end":{"line":129,"column":55}},"76":{"start":{"line":130,"column":8},"end":{"line":130,"column":67}},"77":{"start":{"line":131,"column":8},"end":{"line":131,"column":43}},"78":{"start":{"line":133,"column":8},"end":{"line":133,"column":37}},"79":{"start":{"line":134,"column":8},"end":{"line":134,"column":54}},"80":{"start":{"line":136,"column":8},"end":{"line":136,"column":46}},"81":{"start":{"line":137,"column":8},"end":{"line":137,"column":40}},"82":{"start":{"line":138,"column":8},"end":{"line":138,"column":15}},"83":{"start":{"line":143,"column":14},"end":{"line":145,"column":1}},"84":{"start":{"line":144,"column":4},"end":{"line":144,"column":78}}},"fnMap":{"0":{"name":"(anonymous_0)","decl":{"start":{"line":23,"column":17},"end":{"line":23,"column":18}},"loc":{"start":{"line":23,"column":28},"end":{"line":141,"column":1}},"line":23},"1":{"name":"(anonymous_1)","decl":{"start":{"line":31,"column":31},"end":{"line":31,"column":32}},"loc":{"start":{"line":31,"column":47},"end":{"line":91,"column":9}},"line":31},"2":{"name":"(anonymous_2)","decl":{"start":{"line":54,"column":53},"end":{"line":54,"column":54}},"loc":{"start":{"line":54,"column":70},"end":{"line":66,"column":17}},"line":54},"3":{"name":"(anonymous_3)","decl":{"start":{"line":94,"column":11},"end":{"line":94,"column":12}},"loc":{"start":{"line":94,"column":31},"end":{"line":139,"column":5}},"line":94},"4":{"name":"(anonymous_4)","decl":{"start":{"line":102,"column":32},"end":{"line":102,"column":33}},"loc":{"start":{"line":102,"column":47},"end":{"line":104,"column":9}},"line":102},"5":{"name":"(anonymous_5)","decl":{"start":{"line":106,"column":26},"end":{"line":106,"column":27}},"loc":{"start":{"line":106,"column":38},"end":{"line":108,"column":9}},"line":106},"6":{"name":"(anonymous_6)","decl":{"start":{"line":143,"column":14},"end":{"line":143,"column":15}},"loc":{"start":{"line":143,"column":25},"end":{"line":145,"column":1}},"line":143}},"branchMap":{"0":{"loc":{"start":{"line":30,"column":4},"end":{"line":92,"column":5}},"type":"if","locations":[{"start":{"line":30,"column":4},"end":{"line":92,"column":5}},{"start":{"line":30,"column":4},"end":{"line":92,"column":5}}],"line":30},"1":{"loc":{"start":{"line":30,"column":8},"end":{"line":30,"column":32}},"type":"binary-expr","locations":[{"start":{"line":30,"column":8},"end":{"line":30,"column":14}},{"start":{"line":30,"column":18},"end":{"line":30,"column":32}}],"line":30},"2":{"loc":{"start":{"line":32,"column":12},"end":{"line":35,"column":13}},"type":"if","locations":[{"start":{"line":32,"column":12},"end":{"line":35,"column":13}},{"start":{"line":32,"column":12},"end":{"line":35,"column":13}}],"line":32},"3":{"loc":{"start":{"line":44,"column":12},"end":{"line":46,"column":13}},"type":"if","locations":[{"start":{"line":44,"column":12},"end":{"line":46,"column":13}},{"start":{"line":44,"column":12},"end":{"line":46,"column":13}}],"line":44},"4":{"loc":{"start":{"line":44,"column":16},"end":{"line":44,"column":37}},"type":"binary-expr","locations":[{"start":{"line":44,"column":16},"end":{"line":44,"column":22}},{"start":{"line":44,"column":26},"end":{"line":44,"column":37}}],"line":44},"5":{"loc":{"start":{"line":52,"column":12},"end":{"line":79,"column":13}},"type":"if","locations":[{"start":{"line":52,"column":12},"end":{"line":79,"column":13}},{"start":{"line":52,"column":12},"end":{"line":79,"column":13}}],"line":52},"6":{"loc":{"start":{"line":52,"column":16},"end":{"line":52,"column":88}},"type":"binary-expr","locations":[{"start":{"line":52,"column":17},"end":{"line":52,"column":29}},{"start":{"line":52,"column":33},"end":{"line":52,"column":54}},{"start":{"line":52,"column":59},"end":{"line":52,"column":88}}],"line":52},"7":{"loc":{"start":{"line":59,"column":20},"end":{"line":61,"column":21}},"type":"if","locations":[{"start":{"line":59,"column":20},"end":{"line":61,"column":21}},{"start":{"line":59,"column":20},"end":{"line":61,"column":21}}],"line":59},"8":{"loc":{"start":{"line":63,"column":27},"end":{"line":65,"column":61}},"type":"binary-expr","locations":[{"start":{"line":63,"column":28},"end":{"line":63,"column":40}},{"start":{"line":63,"column":44},"end":{"line":63,"column":68}},{"start":{"line":64,"column":24},"end":{"line":64,"column":54}},{"start":{"line":65,"column":24},"end":{"line":65,"column":61}}],"line":63},"9":{"loc":{"start":{"line":68,"column":16},"end":{"line":77,"column":17}},"type":"if","locations":[{"start":{"line":68,"column":16},"end":{"line":77,"column":17}},{"start":{"line":68,"column":16},"end":{"line":77,"column":17}}],"line":68},"10":{"loc":{"start":{"line":81,"column":26},"end":{"line":81,"column":70}},"type":"binary-expr","locations":[{"start":{"line":81,"column":26},"end":{"line":81,"column":46}},{"start":{"line":81,"column":50},"end":{"line":81,"column":70}}],"line":81},"11":{"loc":{"start":{"line":83,"column":12},"end":{"line":90,"column":13}},"type":"if","locations":[{"start":{"line":83,"column":12},"end":{"line":90,"column":13}},{"start":{"line":83,"column":12},"end":{"line":90,"column":13}}],"line":83},"12":{"loc":{"start":{"line":83,"column":16},"end":{"line":83,"column":89}},"type":"binary-expr","locations":[{"start":{"line":83,"column":16},"end":{"line":83,"column":31}},{"start":{"line":83,"column":36},"end":{"line":83,"column":57}},{"start":{"line":83,"column":61},"end":{"line":83,"column":67}},{"start":{"line":83,"column":72},"end":{"line":83,"column":89}}],"line":83},"13":{"loc":{"start":{"line":112,"column":8},"end":{"line":119,"column":9}},"type":"if","locations":[{"start":{"line":112,"column":8},"end":{"line":119,"column":9}},{"start":{"line":112,"column":8},"end":{"line":119,"column":9}}],"line":112},"14":{"loc":{"start":{"line":131,"column":23},"end":{"line":131,"column":42}},"type":"binary-expr","locations":[{"start":{"line":131,"column":23},"end":{"line":131,"column":36}},{"start":{"line":131,"column":40},"end":{"line":131,"column":42}}],"line":131},"15":{"loc":{"start":{"line":144,"column":11},"end":{"line":144,"column":77}},"type":"cond-expr","locations":[{"start":{"line":144,"column":61},"end":{"line":144,"column":66}},{"start":{"line":144,"column":69},"end":{"line":144,"column":77}}],"line":144},"16":{"loc":{"start":{"line":144,"column":11},"end":{"line":144,"column":58}},"type":"binary-expr","locations":[{"start":{"line":144,"column":11},"end":{"line":144,"column":16}},{"start":{"line":144,"column":20},"end":{"line":144,"column":45}},{"start":{"line":144,"column":49},"end":{"line":144,"column":58}}],"line":144}},"s":{"0":1,"1":1,"2":1,"3":1,"4":1,"5":1,"6":1,"7":1,"8":1,"9":1,"10":1,"11":1,"12":1,"13":1,"14":1,"15":28,"16":28,"17":28,"18":28,"19":28,"20":28,"21":8,"22":8,"23":28,"24":28,"25":28,"26":28,"27":28,"28":28,"29":28,"30":4,"31":28,"32":28,"33":4,"34":4,"35":4,"36":3,"37":4,"38":4,"39":4,"40":4,"41":4,"42":4,"43":4,"44":4,"45":4,"46":28,"47":28,"48":28,"49":2,"50":2,"51":2,"52":26,"53":26,"54":28,"55":28,"56":28,"57":28,"58":28,"59":28,"60":0,"61":28,"62":0,"63":28,"64":28,"65":0,"66":0,"67":0,"68":0,"69":0,"70":0,"71":28,"72":28,"73":28,"74":28,"75":28,"76":28,"77":28,"78":28,"79":28,"80":28,"81":28,"82":28,"83":1,"84":28},"f":{"0":28,"1":28,"2":4,"3":28,"4":0,"5":0,"6":28},"b":{"0":[28,0],"1":[28,28],"2":[8,20],"3":[4,24],"4":[28,27],"5":[4,24],"6":[28,27,4],"7":[3,1],"8":[4,4,4,4],"9":[4,0],"10":[28,21],"11":[2,26],"12":[28,8,5,3],"13":[0,28],"14":[28,28],"15":[0,28],"16":[28,0,0]},"_coverageSchema":"43e27e138ebf9cfc5966b082cf9a028302ed4184","hash":"a90f25a4b3bfbf2023f138e9001bd448087d0a10","contentHash":"8a0014116d57604bd436e609768df1edc7a03e858f464405f4bc6e1259379e53"},"/Users/leddyr/Documents/GitHub/forked-rl/microgateway-core/lib/config.js":{"path":"/Users/leddyr/Documents/GitHub/forked-rl/microgateway-core/lib/config.js","statementMap":{"0":{"start":{"line":2,"column":13},"end":{"line":2,"column":30}},"1":{"start":{"line":3,"column":9},"end":{"line":3,"column":22}},"2":{"start":{"line":4,"column":13},"end":{"line":4,"column":15}},"3":{"start":{"line":5,"column":20},"end":{"line":5,"column":39}},"4":{"start":{"line":7,"column":0},"end":{"line":10,"column":2}},"5":{"start":{"line":8,"column":2},"end":{"line":8,"column":42}},"6":{"start":{"line":9,"column":2},"end":{"line":9,"column":15}},"7":{"start":{"line":12,"column":0},"end":{"line":58,"column":1}},"8":{"start":{"line":13,"column":2},"end":{"line":13,"column":21}},"9":{"start":{"line":14,"column":2},"end":{"line":14,"column":57}},"10":{"start":{"line":15,"column":2},"end":{"line":15,"column":40}},"11":{"start":{"line":20,"column":30},"end":{"line":20,"column":88}},"12":{"start":{"line":21,"column":16},"end":{"line":21,"column":60}},"13":{"start":{"line":22,"column":2},"end":{"line":26,"column":5}},"14":{"start":{"line":23,"column":4},"end":{"line":25,"column":5}},"15":{"start":{"line":24,"column":6},"end":{"line":24,"column":46}},"16":{"start":{"line":28,"column":2},"end":{"line":57,"column":5}},"17":{"start":{"line":29,"column":4},"end":{"line":32,"column":5}},"18":{"start":{"line":31,"column":6},"end":{"line":31,"column":13}},"19":{"start":{"line":36,"column":4},"end":{"line":47,"column":6}},"20":{"start":{"line":49,"column":22},"end":{"line":49,"column":57}},"21":{"start":{"line":50,"column":4},"end":{"line":55,"column":7}},"22":{"start":{"line":51,"column":21},"end":{"line":51,"column":56}},"23":{"start":{"line":52,"column":6},"end":{"line":54,"column":7}},"24":{"start":{"line":53,"column":8},"end":{"line":53,"column":72}}},"fnMap":{"0":{"name":"(anonymous_0)","decl":{"start":{"line":7,"column":20},"end":{"line":7,"column":21}},"loc":{"start":{"line":7,"column":26},"end":{"line":10,"column":1}},"line":7},"1":{"name":"(anonymous_1)","decl":{"start":{"line":12,"column":21},"end":{"line":12,"column":22}},"loc":{"start":{"line":12,"column":36},"end":{"line":58,"column":1}},"line":12},"2":{"name":"(anonymous_2)","decl":{"start":{"line":22,"column":32},"end":{"line":22,"column":33}},"loc":{"start":{"line":22,"column":38},"end":{"line":26,"column":3}},"line":22},"3":{"name":"(anonymous_3)","decl":{"start":{"line":28,"column":25},"end":{"line":28,"column":26}},"loc":{"start":{"line":28,"column":42},"end":{"line":57,"column":3}},"line":28},"4":{"name":"(anonymous_4)","decl":{"start":{"line":50,"column":24},"end":{"line":50,"column":25}},"loc":{"start":{"line":50,"column":38},"end":{"line":55,"column":5}},"line":50}},"branchMap":{"0":{"loc":{"start":{"line":14,"column":21},"end":{"line":14,"column":56}},"type":"binary-expr","locations":[{"start":{"line":14,"column":21},"end":{"line":14,"column":37}},{"start":{"line":14,"column":41},"end":{"line":14,"column":56}}],"line":14},"1":{"loc":{"start":{"line":15,"column":19},"end":{"line":15,"column":39}},"type":"binary-expr","locations":[{"start":{"line":15,"column":19},"end":{"line":15,"column":33}},{"start":{"line":15,"column":37},"end":{"line":15,"column":39}}],"line":15},"2":{"loc":{"start":{"line":21,"column":16},"end":{"line":21,"column":60}},"type":"binary-expr","locations":[{"start":{"line":21,"column":16},"end":{"line":21,"column":36}},{"start":{"line":21,"column":40},"end":{"line":21,"column":60}}],"line":21},"3":{"loc":{"start":{"line":23,"column":4},"end":{"line":25,"column":5}},"type":"if","locations":[{"start":{"line":23,"column":4},"end":{"line":25,"column":5}},{"start":{"line":23,"column":4},"end":{"line":25,"column":5}}],"line":23},"4":{"loc":{"start":{"line":23,"column":7},"end":{"line":23,"column":33}},"type":"binary-expr","locations":[{"start":{"line":23,"column":7},"end":{"line":23,"column":21}},{"start":{"line":23,"column":25},"end":{"line":23,"column":33}}],"line":23},"5":{"loc":{"start":{"line":29,"column":4},"end":{"line":32,"column":5}},"type":"if","locations":[{"start":{"line":29,"column":4},"end":{"line":32,"column":5}},{"start":{"line":29,"column":4},"end":{"line":32,"column":5}}],"line":29},"6":{"loc":{"start":{"line":29,"column":8},"end":{"line":30,"column":48}},"type":"binary-expr","locations":[{"start":{"line":29,"column":8},"end":{"line":29,"column":38}},{"start":{"line":30,"column":11},"end":{"line":30,"column":48}}],"line":29},"7":{"loc":{"start":{"line":52,"column":6},"end":{"line":54,"column":7}},"type":"if","locations":[{"start":{"line":52,"column":6},"end":{"line":54,"column":7}},{"start":{"line":52,"column":6},"end":{"line":54,"column":7}}],"line":52}},"s":{"0":1,"1":1,"2":1,"3":1,"4":1,"5":222,"6":222,"7":1,"8":28,"9":28,"10":28,"11":28,"12":28,"13":28,"14":112,"15":0,"16":28,"17":4,"18":0,"19":4,"20":4,"21":4,"22":20,"23":20,"24":8},"f":{"0":222,"1":28,"2":112,"3":4,"4":20},"b":{"0":[28,0],"1":[28,12],"2":[28,21],"3":[0,112],"4":[112,0],"5":[0,4],"6":[4,4],"7":[8,12]},"_coverageSchema":"43e27e138ebf9cfc5966b082cf9a028302ed4184","hash":"b1b0ccada2ff63d3ba588d356ddf4b8a3b794c55","contentHash":"640ce93de08a3b91c11004975e440575873e8bb9afbb5afb48fdde8c30e21677"},"/Users/leddyr/Documents/GitHub/forked-rl/microgateway-core/lib/build-tunnel-agent.js":{"path":"/Users/leddyr/Documents/GitHub/forked-rl/microgateway-core/lib/build-tunnel-agent.js","statementMap":{"0":{"start":{"line":1,"column":12},"end":{"line":1,"column":26}},"1":{"start":{"line":2,"column":20},"end":{"line":2,"column":43}},"2":{"start":{"line":13,"column":0},"end":{"line":20,"column":1}},"3":{"start":{"line":14,"column":2},"end":{"line":14,"column":36}},"4":{"start":{"line":15,"column":25},"end":{"line":15,"column":47}},"5":{"start":{"line":17,"column":21},"end":{"line":17,"column":82}},"6":{"start":{"line":18,"column":31},"end":{"line":18,"column":99}},"7":{"start":{"line":19,"column":2},"end":{"line":19,"column":41}},"8":{"start":{"line":22,"column":33},"end":{"line":41,"column":1}},"9":{"start":{"line":24,"column":19},"end":{"line":38,"column":3}},"10":{"start":{"line":40,"column":2},"end":{"line":40,"column":20}},"11":{"start":{"line":44,"column":26},"end":{"line":62,"column":1}},"12":{"start":{"line":45,"column":21},"end":{"line":45,"column":23}},"13":{"start":{"line":47,"column":2},"end":{"line":51,"column":3}},"14":{"start":{"line":48,"column":4},"end":{"line":48,"column":28}},"15":{"start":{"line":50,"column":4},"end":{"line":50,"column":27}},"16":{"start":{"line":53,"column":2},"end":{"line":53,"column":25}},"17":{"start":{"line":55,"column":2},"end":{"line":59,"column":3}},"18":{"start":{"line":56,"column":4},"end":{"line":56,"column":28}},"19":{"start":{"line":58,"column":4},"end":{"line":58,"column":27}},"20":{"start":{"line":61,"column":2},"end":{"line":61,"column":35}},"21":{"start":{"line":64,"column":0},"end":{"line":64,"column":67}},"22":{"start":{"line":65,"column":0},"end":{"line":65,"column":53}}},"fnMap":{"0":{"name":"(anonymous_0)","decl":{"start":{"line":13,"column":17},"end":{"line":13,"column":18}},"loc":{"start":{"line":13,"column":69},"end":{"line":20,"column":1}},"line":13},"1":{"name":"(anonymous_1)","decl":{"start":{"line":22,"column":33},"end":{"line":22,"column":34}},"loc":{"start":{"line":22,"column":74},"end":{"line":41,"column":1}},"line":22},"2":{"name":"(anonymous_2)","decl":{"start":{"line":44,"column":26},"end":{"line":44,"column":27}},"loc":{"start":{"line":44,"column":61},"end":{"line":62,"column":1}},"line":44}},"branchMap":{"0":{"loc":{"start":{"line":14,"column":17},"end":{"line":14,"column":35}},"type":"binary-expr","locations":[{"start":{"line":14,"column":17},"end":{"line":14,"column":29}},{"start":{"line":14,"column":33},"end":{"line":14,"column":35}}],"line":14},"1":{"loc":{"start":{"line":47,"column":2},"end":{"line":51,"column":3}},"type":"if","locations":[{"start":{"line":47,"column":2},"end":{"line":51,"column":3}},{"start":{"line":47,"column":2},"end":{"line":51,"column":3}}],"line":47},"2":{"loc":{"start":{"line":55,"column":2},"end":{"line":59,"column":3}},"type":"if","locations":[{"start":{"line":55,"column":2},"end":{"line":59,"column":3}},{"start":{"line":55,"column":2},"end":{"line":59,"column":3}}],"line":55}},"s":{"0":1,"1":1,"2":1,"3":2,"4":2,"5":2,"6":2,"7":2,"8":1,"9":2,"10":2,"11":1,"12":2,"13":2,"14":0,"15":2,"16":2,"17":2,"18":1,"19":1,"20":2,"21":1,"22":1},"f":{"0":2,"1":2,"2":2},"b":{"0":[2,2],"1":[0,2],"2":[1,1]},"_coverageSchema":"43e27e138ebf9cfc5966b082cf9a028302ed4184","hash":"fba6c496183810cc050dd1bef1709c8015d857ae","contentHash":"d51221e9b32ecb149de4593d1a280dbc0909ab5d72fe572683f278e7e0c70a99"},"/Users/leddyr/Documents/GitHub/forked-rl/microgateway-core/lib/no-proxy-parser.js":{"path":"/Users/leddyr/Documents/GitHub/forked-rl/microgateway-core/lib/no-proxy-parser.js","statementMap":{"0":{"start":{"line":1,"column":12},"end":{"line":1,"column":26}},"1":{"start":{"line":4,"column":4},"end":{"line":4,"column":48}},"2":{"start":{"line":8,"column":14},"end":{"line":8,"column":35}},"3":{"start":{"line":10,"column":23},"end":{"line":16,"column":4}},"4":{"start":{"line":11,"column":20},"end":{"line":11,"column":32}},"5":{"start":{"line":12,"column":4},"end":{"line":15,"column":5}},"6":{"start":{"line":17,"column":2},"end":{"line":17,"column":24}},"7":{"start":{"line":36,"column":2},"end":{"line":40,"column":3}},"8":{"start":{"line":37,"column":4},"end":{"line":37,"column":53}},"9":{"start":{"line":39,"column":4},"end":{"line":39,"column":26}},"10":{"start":{"line":44,"column":2},"end":{"line":46,"column":3}},"11":{"start":{"line":45,"column":4},"end":{"line":45,"column":17}},"12":{"start":{"line":47,"column":20},"end":{"line":47,"column":44}},"13":{"start":{"line":48,"column":26},"end":{"line":48,"column":41}},"14":{"start":{"line":49,"column":22},"end":{"line":49,"column":70}},"15":{"start":{"line":51,"column":2},"end":{"line":53,"column":3}},"16":{"start":{"line":52,"column":4},"end":{"line":52,"column":83}},"17":{"start":{"line":55,"column":2},"end":{"line":72,"column":3}},"18":{"start":{"line":56,"column":4},"end":{"line":71,"column":5}},"19":{"start":{"line":58,"column":21},"end":{"line":58,"column":43}},"20":{"start":{"line":60,"column":27},"end":{"line":60,"column":56}},"21":{"start":{"line":61,"column":6},"end":{"line":61,"column":56}},"22":{"start":{"line":62,"column":6},"end":{"line":62,"column":43}},"23":{"start":{"line":63,"column":18},"end":{"line":63,"column":45}},"24":{"start":{"line":64,"column":6},"end":{"line":64,"column":66}},"25":{"start":{"line":66,"column":23},"end":{"line":66,"column":52}},"26":{"start":{"line":67,"column":20},"end":{"line":67,"column":35}},"27":{"start":{"line":69,"column":29},"end":{"line":69,"column":90}},"28":{"start":{"line":70,"column":6},"end":{"line":70,"column":77}},"29":{"start":{"line":75,"column":0},"end":{"line":75,"column":41}}},"fnMap":{"0":{"name":"canonicalizeHostname","decl":{"start":{"line":3,"column":9},"end":{"line":3,"column":29}},"loc":{"start":{"line":3,"column":33},"end":{"line":5,"column":1}},"line":3},"1":{"name":"parseNoProxy","decl":{"start":{"line":7,"column":9},"end":{"line":7,"column":21}},"loc":{"start":{"line":7,"column":34},"end":{"line":18,"column":1}},"line":7},"2":{"name":"(anonymous_2)","decl":{"start":{"line":10,"column":33},"end":{"line":10,"column":34}},"loc":{"start":{"line":10,"column":40},"end":{"line":16,"column":3}},"line":10},"3":{"name":"doesPortMatch","decl":{"start":{"line":35,"column":9},"end":{"line":35,"column":22}},"loc":{"start":{"line":35,"column":61},"end":{"line":41,"column":1}},"line":35},"4":{"name":"matchHostAgainstNoProxy","decl":{"start":{"line":43,"column":9},"end":{"line":43,"column":32}},"loc":{"start":{"line":43,"column":51},"end":{"line":73,"column":1}},"line":43},"5":{"name":"(anonymous_5)","decl":{"start":{"line":55,"column":26},"end":{"line":55,"column":27}},"loc":{"start":{"line":55,"column":33},"end":{"line":72,"column":1}},"line":55}},"branchMap":{"0":{"loc":{"start":{"line":36,"column":2},"end":{"line":40,"column":3}},"type":"if","locations":[{"start":{"line":36,"column":2},"end":{"line":40,"column":3}},{"start":{"line":36,"column":2},"end":{"line":40,"column":3}}],"line":36},"1":{"loc":{"start":{"line":37,"column":11},"end":{"line":37,"column":52}},"type":"binary-expr","locations":[{"start":{"line":37,"column":11},"end":{"line":37,"column":34}},{"start":{"line":37,"column":38},"end":{"line":37,"column":52}}],"line":37},"2":{"loc":{"start":{"line":44,"column":2},"end":{"line":46,"column":3}},"type":"if","locations":[{"start":{"line":44,"column":2},"end":{"line":46,"column":3}},{"start":{"line":44,"column":2},"end":{"line":46,"column":3}}],"line":44},"3":{"loc":{"start":{"line":44,"column":5},"end":{"line":44,"column":25}},"type":"binary-expr","locations":[{"start":{"line":44,"column":5},"end":{"line":44,"column":10}},{"start":{"line":44,"column":14},"end":{"line":44,"column":25}}],"line":44},"4":{"loc":{"start":{"line":51,"column":2},"end":{"line":53,"column":3}},"type":"if","locations":[{"start":{"line":51,"column":2},"end":{"line":53,"column":3}},{"start":{"line":51,"column":2},"end":{"line":53,"column":3}}],"line":51},"5":{"loc":{"start":{"line":52,"column":29},"end":{"line":52,"column":82}},"type":"cond-expr","locations":[{"start":{"line":52,"column":70},"end":{"line":52,"column":75}},{"start":{"line":52,"column":78},"end":{"line":52,"column":82}}],"line":52},"6":{"loc":{"start":{"line":56,"column":4},"end":{"line":71,"column":5}},"type":"if","locations":[{"start":{"line":56,"column":4},"end":{"line":71,"column":5}},{"start":{"line":56,"column":4},"end":{"line":71,"column":5}}],"line":56},"7":{"loc":{"start":{"line":69,"column":29},"end":{"line":69,"column":90}},"type":"binary-expr","locations":[{"start":{"line":69,"column":29},"end":{"line":69,"column":34}},{"start":{"line":69,"column":39},"end":{"line":69,"column":89}}],"line":69}},"s":{"0":1,"1":110,"2":43,"3":43,"4":67,"5":67,"6":43,"7":63,"8":11,"9":52,"10":91,"11":48,"12":43,"13":43,"14":43,"15":43,"16":20,"17":43,"18":63,"19":14,"20":14,"21":14,"22":14,"23":14,"24":14,"25":49,"26":49,"27":49,"28":49,"29":1},"f":{"0":110,"1":43,"2":67,"3":63,"4":91,"5":63},"b":{"0":[11,52],"1":[11,8],"2":[48,43],"3":[91,88],"4":[20,23],"5":[1,19],"6":[14,49],"7":[49,17]},"_coverageSchema":"43e27e138ebf9cfc5966b082cf9a028302ed4184","hash":"b6d167f567b6f79f4620ff45d9f9d10f80adf7d1","contentHash":"2b33e4097ac3b25ac2794fae17bc0d5ddd83bc1f9066b2ad4498efd1861e1447"},"/Users/leddyr/Documents/GitHub/forked-rl/microgateway-core/lib/proxy-path-matcher.js":{"path":"/Users/leddyr/Documents/GitHub/forked-rl/microgateway-core/lib/proxy-path-matcher.js","statementMap":{"0":{"start":{"line":1,"column":18},"end":{"line":1,"column":38}},"1":{"start":{"line":2,"column":13},"end":{"line":2,"column":28}},"2":{"start":{"line":4,"column":18},"end":{"line":7,"column":1}},"3":{"start":{"line":5,"column":18},"end":{"line":5,"column":50}},"4":{"start":{"line":6,"column":2},"end":{"line":6,"column":37}},"5":{"start":{"line":9,"column":29},"end":{"line":23,"column":1}},"6":{"start":{"line":10,"column":16},"end":{"line":10,"column":17}},"7":{"start":{"line":11,"column":14},"end":{"line":11,"column":23}},"8":{"start":{"line":13,"column":2},"end":{"line":20,"column":5}},"9":{"start":{"line":14,"column":4},"end":{"line":19,"column":5}},"10":{"start":{"line":15,"column":6},"end":{"line":18,"column":7}},"11":{"start":{"line":16,"column":8},"end":{"line":16,"column":18}},"12":{"start":{"line":17,"column":8},"end":{"line":17,"column":37}},"13":{"start":{"line":22,"column":2},"end":{"line":22,"column":15}},"14":{"start":{"line":24,"column":28},"end":{"line":24,"column":30}},"15":{"start":{"line":26,"column":30},"end":{"line":35,"column":1}},"16":{"start":{"line":27,"column":2},"end":{"line":29,"column":3}},"17":{"start":{"line":28,"column":4},"end":{"line":28,"column":42}},"18":{"start":{"line":30,"column":21},"end":{"line":30,"column":48}},"19":{"start":{"line":33,"column":24},"end":{"line":33,"column":75}},"20":{"start":{"line":34,"column":2},"end":{"line":34,"column":68}},"21":{"start":{"line":37,"column":0},"end":{"line":37,"column":37}},"22":{"start":{"line":38,"column":0},"end":{"line":38,"column":61}},"23":{"start":{"line":39,"column":0},"end":{"line":39,"column":59}}},"fnMap":{"0":{"name":"(anonymous_0)","decl":{"start":{"line":4,"column":18},"end":{"line":4,"column":19}},"loc":{"start":{"line":4,"column":46},"end":{"line":7,"column":1}},"line":4},"1":{"name":"(anonymous_1)","decl":{"start":{"line":9,"column":29},"end":{"line":9,"column":30}},"loc":{"start":{"line":9,"column":52},"end":{"line":23,"column":1}},"line":9},"2":{"name":"(anonymous_2)","decl":{"start":{"line":13,"column":18},"end":{"line":13,"column":19}},"loc":{"start":{"line":13,"column":25},"end":{"line":20,"column":3}},"line":13},"3":{"name":"(anonymous_3)","decl":{"start":{"line":26,"column":30},"end":{"line":26,"column":31}},"loc":{"start":{"line":26,"column":45},"end":{"line":35,"column":1}},"line":26}},"branchMap":{"0":{"loc":{"start":{"line":14,"column":4},"end":{"line":19,"column":5}},"type":"if","locations":[{"start":{"line":14,"column":4},"end":{"line":19,"column":5}},{"start":{"line":14,"column":4},"end":{"line":19,"column":5}}],"line":14},"1":{"loc":{"start":{"line":15,"column":6},"end":{"line":18,"column":7}},"type":"if","locations":[{"start":{"line":15,"column":6},"end":{"line":18,"column":7}},{"start":{"line":15,"column":6},"end":{"line":18,"column":7}}],"line":15},"2":{"loc":{"start":{"line":27,"column":2},"end":{"line":29,"column":3}},"type":"if","locations":[{"start":{"line":27,"column":2},"end":{"line":29,"column":3}},{"start":{"line":27,"column":2},"end":{"line":29,"column":3}}],"line":27}},"s":{"0":1,"1":1,"2":1,"3":28,"4":28,"5":1,"6":28,"7":28,"8":28,"9":28,"10":28,"11":28,"12":28,"13":28,"14":1,"15":1,"16":56,"17":55,"18":1,"19":1,"20":1,"21":1,"22":1,"23":1},"f":{"0":28,"1":28,"2":28,"3":56},"b":{"0":[28,0],"1":[28,0],"2":[55,1]},"_coverageSchema":"43e27e138ebf9cfc5966b082cf9a028302ed4184","hash":"c53fbb32293f9aaab11d2e3922796cbbf5504ee5","contentHash":"a104ce52e6374d4a6b236af7d7b1eba6aac93b56de4053c952f95ba22cee659e"},"/Users/leddyr/Documents/GitHub/forked-rl/microgateway-core/lib/plugins-middleware.js":{"path":"/Users/leddyr/Documents/GitHub/forked-rl/microgateway-core/lib/plugins-middleware.js","statementMap":{"0":{"start":{"line":3,"column":13},"end":{"line":3,"column":28}},"1":{"start":{"line":4,"column":14},"end":{"line":4,"column":30}},"2":{"start":{"line":5,"column":13},"end":{"line":5,"column":28}},"3":{"start":{"line":6,"column":12},"end":{"line":6,"column":26}},"4":{"start":{"line":7,"column":13},"end":{"line":7,"column":28}},"5":{"start":{"line":8,"column":10},"end":{"line":8,"column":27}},"6":{"start":{"line":9,"column":14},"end":{"line":9,"column":30}},"7":{"start":{"line":10,"column":14},"end":{"line":10,"column":46}},"8":{"start":{"line":11,"column":16},"end":{"line":11,"column":36}},"9":{"start":{"line":12,"column":15},"end":{"line":12,"column":32}},"10":{"start":{"line":13,"column":14},"end":{"line":13,"column":32}},"11":{"start":{"line":14,"column":24},"end":{"line":14,"column":53}},"12":{"start":{"line":15,"column":22},"end":{"line":15,"column":41}},"13":{"start":{"line":16,"column":30},"end":{"line":16,"column":67}},"14":{"start":{"line":17,"column":21},"end":{"line":17,"column":49}},"15":{"start":{"line":18,"column":21},"end":{"line":18,"column":34}},"16":{"start":{"line":21,"column":18},"end":{"line":21,"column":43}},"17":{"start":{"line":30,"column":0},"end":{"line":119,"column":2}},"18":{"start":{"line":31,"column":19},"end":{"line":31,"column":38}},"19":{"start":{"line":33,"column":4},"end":{"line":117,"column":5}},"20":{"start":{"line":34,"column":26},"end":{"line":34,"column":36}},"21":{"start":{"line":35,"column":31},"end":{"line":35,"column":40}},"22":{"start":{"line":38,"column":8},"end":{"line":38,"column":105}},"23":{"start":{"line":41,"column":18},"end":{"line":41,"column":62}},"24":{"start":{"line":42,"column":8},"end":{"line":42,"column":40}},"25":{"start":{"line":43,"column":8},"end":{"line":116,"column":9}},"26":{"start":{"line":44,"column":12},"end":{"line":44,"column":73}},"27":{"start":{"line":45,"column":12},"end":{"line":45,"column":42}},"28":{"start":{"line":46,"column":12},"end":{"line":46,"column":85}},"29":{"start":{"line":47,"column":12},"end":{"line":47,"column":33}},"30":{"start":{"line":48,"column":12},"end":{"line":48,"column":65}},"31":{"start":{"line":50,"column":12},"end":{"line":50,"column":91}},"32":{"start":{"line":52,"column":12},"end":{"line":52,"column":31}},"33":{"start":{"line":54,"column":12},"end":{"line":57,"column":32}},"34":{"start":{"line":58,"column":12},"end":{"line":58,"column":92}},"35":{"start":{"line":60,"column":12},"end":{"line":115,"column":19}},"36":{"start":{"line":68,"column":20},"end":{"line":70,"column":21}},"37":{"start":{"line":69,"column":24},"end":{"line":69,"column":43}},"38":{"start":{"line":71,"column":20},"end":{"line":73,"column":21}},"39":{"start":{"line":72,"column":24},"end":{"line":72,"column":40}},"40":{"start":{"line":75,"column":20},"end":{"line":75,"column":94}},"41":{"start":{"line":79,"column":42},"end":{"line":108,"column":26}},"42":{"start":{"line":83,"column":28},"end":{"line":85,"column":29}},"43":{"start":{"line":84,"column":32},"end":{"line":84,"column":49}},"44":{"start":{"line":86,"column":44},"end":{"line":92,"column":29}},"45":{"start":{"line":94,"column":28},"end":{"line":107,"column":30}},"46":{"start":{"line":95,"column":32},"end":{"line":106,"column":33}},"47":{"start":{"line":96,"column":36},"end":{"line":103,"column":37}},"48":{"start":{"line":97,"column":40},"end":{"line":97,"column":50}},"49":{"start":{"line":100,"column":40},"end":{"line":100,"column":72}},"50":{"start":{"line":102,"column":40},"end":{"line":102,"column":47}},"51":{"start":{"line":105,"column":36},"end":{"line":105,"column":50}},"52":{"start":{"line":111,"column":20},"end":{"line":111,"column":106}},"53":{"start":{"line":112,"column":20},"end":{"line":114,"column":23}},"54":{"start":{"line":113,"column":24},"end":{"line":113,"column":53}},"55":{"start":{"line":132,"column":19},"end":{"line":132,"column":38}},"56":{"start":{"line":133,"column":19},"end":{"line":133,"column":38}},"57":{"start":{"line":135,"column":18},"end":{"line":135,"column":38}},"58":{"start":{"line":137,"column":4},"end":{"line":137,"column":70}},"59":{"start":{"line":140,"column":27},"end":{"line":140,"column":57}},"60":{"start":{"line":142,"column":4},"end":{"line":146,"column":5}},"61":{"start":{"line":144,"column":8},"end":{"line":145,"column":57}},"62":{"start":{"line":148,"column":4},"end":{"line":150,"column":5}},"63":{"start":{"line":149,"column":8},"end":{"line":149,"column":100}},"64":{"start":{"line":152,"column":4},"end":{"line":160,"column":5}},"65":{"start":{"line":154,"column":28},"end":{"line":154,"column":67}},"66":{"start":{"line":155,"column":8},"end":{"line":157,"column":9}},"67":{"start":{"line":156,"column":12},"end":{"line":156,"column":33}},"68":{"start":{"line":158,"column":8},"end":{"line":158,"column":60}},"69":{"start":{"line":159,"column":8},"end":{"line":159,"column":58}},"70":{"start":{"line":162,"column":19},"end":{"line":162,"column":38}},"71":{"start":{"line":163,"column":4},"end":{"line":203,"column":5}},"72":{"start":{"line":165,"column":8},"end":{"line":173,"column":9}},"73":{"start":{"line":167,"column":33},"end":{"line":167,"column":73}},"74":{"start":{"line":168,"column":12},"end":{"line":170,"column":13}},"75":{"start":{"line":169,"column":16},"end":{"line":169,"column":38}},"76":{"start":{"line":171,"column":12},"end":{"line":171,"column":39}},"77":{"start":{"line":172,"column":12},"end":{"line":172,"column":64}},"78":{"start":{"line":175,"column":22},"end":{"line":175,"column":43}},"79":{"start":{"line":176,"column":8},"end":{"line":178,"column":9}},"80":{"start":{"line":177,"column":12},"end":{"line":177,"column":52}},"81":{"start":{"line":180,"column":8},"end":{"line":188,"column":9}},"82":{"start":{"line":182,"column":22},"end":{"line":182,"column":49}},"83":{"start":{"line":183,"column":12},"end":{"line":185,"column":13}},"84":{"start":{"line":184,"column":16},"end":{"line":184,"column":27}},"85":{"start":{"line":186,"column":12},"end":{"line":186,"column":62}},"86":{"start":{"line":187,"column":12},"end":{"line":187,"column":40}},"87":{"start":{"line":191,"column":32},"end":{"line":191,"column":121}},"88":{"start":{"line":193,"column":8},"end":{"line":195,"column":9}},"89":{"start":{"line":194,"column":12},"end":{"line":194,"column":39}},"90":{"start":{"line":197,"column":8},"end":{"line":202,"column":9}},"91":{"start":{"line":198,"column":12},"end":{"line":198,"column":52}},"92":{"start":{"line":199,"column":12},"end":{"line":201,"column":13}},"93":{"start":{"line":200,"column":16},"end":{"line":200,"column":64}},"94":{"start":{"line":205,"column":22},"end":{"line":205,"column":26}},"95":{"start":{"line":207,"column":4},"end":{"line":209,"column":5}},"96":{"start":{"line":208,"column":8},"end":{"line":208,"column":28}},"97":{"start":{"line":211,"column":4},"end":{"line":211,"column":60}},"98":{"start":{"line":213,"column":31},"end":{"line":220,"column":5}},"99":{"start":{"line":222,"column":28},"end":{"line":222,"column":50}},"100":{"start":{"line":223,"column":34},"end":{"line":223,"column":63}},"101":{"start":{"line":228,"column":18},"end":{"line":228,"column":62}},"102":{"start":{"line":229,"column":29},"end":{"line":229,"column":61}},"103":{"start":{"line":230,"column":4},"end":{"line":232,"column":5}},"104":{"start":{"line":231,"column":8},"end":{"line":231,"column":99}},"105":{"start":{"line":235,"column":4},"end":{"line":237,"column":5}},"106":{"start":{"line":236,"column":8},"end":{"line":236,"column":79}},"107":{"start":{"line":239,"column":26},"end":{"line":240,"column":53}},"108":{"start":{"line":240,"column":28},"end":{"line":240,"column":52}},"109":{"start":{"line":242,"column":4},"end":{"line":249,"column":5}},"110":{"start":{"line":243,"column":32},"end":{"line":243,"column":71}},"111":{"start":{"line":244,"column":8},"end":{"line":248,"column":11}},"112":{"start":{"line":245,"column":12},"end":{"line":245,"column":49}},"113":{"start":{"line":246,"column":12},"end":{"line":246,"column":43}},"114":{"start":{"line":247,"column":12},"end":{"line":247,"column":34}},"115":{"start":{"line":251,"column":4},"end":{"line":295,"column":7}},"116":{"start":{"line":253,"column":24},"end":{"line":258,"column":9}},"117":{"start":{"line":259,"column":8},"end":{"line":264,"column":34}},"118":{"start":{"line":265,"column":8},"end":{"line":265,"column":64}},"119":{"start":{"line":266,"column":8},"end":{"line":294,"column":15}},"120":{"start":{"line":272,"column":16},"end":{"line":293,"column":17}},"121":{"start":{"line":273,"column":20},"end":{"line":273,"column":36}},"122":{"start":{"line":275,"column":20},"end":{"line":275,"column":86}},"123":{"start":{"line":277,"column":20},"end":{"line":277,"column":26}},"124":{"start":{"line":279,"column":20},"end":{"line":291,"column":21}},"125":{"start":{"line":280,"column":24},"end":{"line":280,"column":56}},"126":{"start":{"line":282,"column":24},"end":{"line":282,"column":68}},"127":{"start":{"line":284,"column":24},"end":{"line":284,"column":82}},"128":{"start":{"line":286,"column":24},"end":{"line":286,"column":56}},"129":{"start":{"line":288,"column":24},"end":{"line":288,"column":68}},"130":{"start":{"line":290,"column":24},"end":{"line":290,"column":32}},"131":{"start":{"line":297,"column":20},"end":{"line":302,"column":5}},"132":{"start":{"line":304,"column":4},"end":{"line":304,"column":42}},"133":{"start":{"line":306,"column":4},"end":{"line":306,"column":157}},"134":{"start":{"line":307,"column":4},"end":{"line":307,"column":34}},"135":{"start":{"line":308,"column":4},"end":{"line":308,"column":25}},"136":{"start":{"line":320,"column":18},"end":{"line":320,"column":31}},"137":{"start":{"line":321,"column":27},"end":{"line":321,"column":49}},"138":{"start":{"line":322,"column":32},"end":{"line":322,"column":65}},"139":{"start":{"line":323,"column":20},"end":{"line":323,"column":41}},"140":{"start":{"line":324,"column":26},"end":{"line":324,"column":47}},"141":{"start":{"line":325,"column":27},"end":{"line":325,"column":49}},"142":{"start":{"line":326,"column":19},"end":{"line":326,"column":38}},"143":{"start":{"line":327,"column":19},"end":{"line":327,"column":38}},"144":{"start":{"line":329,"column":4},"end":{"line":333,"column":25}},"145":{"start":{"line":334,"column":4},"end":{"line":334,"column":71}},"146":{"start":{"line":335,"column":4},"end":{"line":392,"column":11}},"147":{"start":{"line":345,"column":12},"end":{"line":345,"column":37}},"148":{"start":{"line":346,"column":12},"end":{"line":349,"column":13}},"149":{"start":{"line":347,"column":16},"end":{"line":347,"column":74}},"150":{"start":{"line":348,"column":16},"end":{"line":348,"column":23}},"151":{"start":{"line":350,"column":12},"end":{"line":355,"column":13}},"152":{"start":{"line":352,"column":16},"end":{"line":352,"column":90}},"153":{"start":{"line":354,"column":16},"end":{"line":354,"column":31}},"154":{"start":{"line":356,"column":12},"end":{"line":358,"column":13}},"155":{"start":{"line":357,"column":16},"end":{"line":357,"column":31}},"156":{"start":{"line":359,"column":12},"end":{"line":359,"column":66}},"157":{"start":{"line":360,"column":12},"end":{"line":360,"column":43}},"158":{"start":{"line":363,"column":12},"end":{"line":363,"column":60}},"159":{"start":{"line":365,"column":12},"end":{"line":371,"column":15}},"160":{"start":{"line":368,"column":16},"end":{"line":370,"column":17}},"161":{"start":{"line":369,"column":20},"end":{"line":369,"column":85}},"162":{"start":{"line":372,"column":12},"end":{"line":372,"column":66}},"163":{"start":{"line":373,"column":12},"end":{"line":375,"column":13}},"164":{"start":{"line":374,"column":16},"end":{"line":374,"column":76}},"165":{"start":{"line":378,"column":12},"end":{"line":382,"column":13}},"166":{"start":{"line":379,"column":16},"end":{"line":379,"column":82}},"167":{"start":{"line":381,"column":16},"end":{"line":381,"column":69}},"168":{"start":{"line":385,"column":12},"end":{"line":387,"column":13}},"169":{"start":{"line":386,"column":16},"end":{"line":386,"column":80}},"170":{"start":{"line":388,"column":12},"end":{"line":391,"column":19}},"171":{"start":{"line":390,"column":20},"end":{"line":390,"column":35}},"172":{"start":{"line":404,"column":19},"end":{"line":404,"column":38}},"173":{"start":{"line":406,"column":35},"end":{"line":410,"column":7}},"174":{"start":{"line":412,"column":35},"end":{"line":418,"column":6}},"175":{"start":{"line":420,"column":4},"end":{"line":434,"column":7}},"176":{"start":{"line":421,"column":8},"end":{"line":433,"column":15}},"177":{"start":{"line":424,"column":16},"end":{"line":424,"column":45}},"178":{"start":{"line":426,"column":16},"end":{"line":428,"column":17}},"179":{"start":{"line":427,"column":20},"end":{"line":427,"column":45}},"180":{"start":{"line":430,"column":16},"end":{"line":432,"column":17}},"181":{"start":{"line":431,"column":20},"end":{"line":431,"column":47}},"182":{"start":{"line":436,"column":4},"end":{"line":438,"column":5}},"183":{"start":{"line":437,"column":8},"end":{"line":437,"column":39}},"184":{"start":{"line":440,"column":4},"end":{"line":442,"column":29}},"185":{"start":{"line":458,"column":19},"end":{"line":458,"column":38}},"186":{"start":{"line":459,"column":36},"end":{"line":465,"column":7}},"187":{"start":{"line":467,"column":20},"end":{"line":467,"column":24}},"188":{"start":{"line":468,"column":28},"end":{"line":470,"column":6}},"189":{"start":{"line":469,"column":8},"end":{"line":469,"column":45}},"190":{"start":{"line":472,"column":26},"end":{"line":472,"column":82}},"191":{"start":{"line":474,"column":4},"end":{"line":476,"column":5}},"192":{"start":{"line":475,"column":8},"end":{"line":475,"column":26}},"193":{"start":{"line":478,"column":36},"end":{"line":486,"column":6}},"194":{"start":{"line":488,"column":4},"end":{"line":515,"column":7}},"195":{"start":{"line":489,"column":8},"end":{"line":514,"column":15}},"196":{"start":{"line":491,"column":16},"end":{"line":493,"column":17}},"197":{"start":{"line":492,"column":20},"end":{"line":492,"column":38}},"198":{"start":{"line":495,"column":16},"end":{"line":511,"column":17}},"199":{"start":{"line":496,"column":20},"end":{"line":496,"column":47}},"200":{"start":{"line":497,"column":20},"end":{"line":497,"column":93}},"201":{"start":{"line":498,"column":20},"end":{"line":502,"column":41}},"202":{"start":{"line":504,"column":20},"end":{"line":504,"column":41}},"203":{"start":{"line":505,"column":20},"end":{"line":505,"column":93}},"204":{"start":{"line":506,"column":20},"end":{"line":510,"column":41}},"205":{"start":{"line":513,"column":16},"end":{"line":513,"column":39}},"206":{"start":{"line":517,"column":4},"end":{"line":521,"column":11}},"207":{"start":{"line":523,"column":4},"end":{"line":530,"column":7}},"208":{"start":{"line":524,"column":8},"end":{"line":524,"column":54}},"209":{"start":{"line":525,"column":8},"end":{"line":529,"column":24}},"210":{"start":{"line":532,"column":4},"end":{"line":551,"column":7}},"211":{"start":{"line":533,"column":8},"end":{"line":538,"column":35}},"212":{"start":{"line":540,"column":8},"end":{"line":540,"column":65}},"213":{"start":{"line":541,"column":8},"end":{"line":550,"column":15}},"214":{"start":{"line":549,"column":16},"end":{"line":549,"column":23}},"215":{"start":{"line":554,"column":31},"end":{"line":558,"column":1}},"216":{"start":{"line":555,"column":20},"end":{"line":555,"column":35}},"217":{"start":{"line":556,"column":22},"end":{"line":556,"column":91}},"218":{"start":{"line":556,"column":46},"end":{"line":556,"column":90}},"219":{"start":{"line":557,"column":4},"end":{"line":557,"column":21}},"220":{"start":{"line":561,"column":22},"end":{"line":561,"column":44}},"221":{"start":{"line":562,"column":19},"end":{"line":562,"column":38}},"222":{"start":{"line":564,"column":4},"end":{"line":603,"column":5}},"223":{"start":{"line":565,"column":8},"end":{"line":565,"column":44}},"224":{"start":{"line":566,"column":8},"end":{"line":566,"column":48}},"225":{"start":{"line":567,"column":8},"end":{"line":601,"column":9}},"226":{"start":{"line":569,"column":28},"end":{"line":569,"column":91}},"227":{"start":{"line":570,"column":12},"end":{"line":597,"column":13}},"228":{"start":{"line":571,"column":27},"end":{"line":580,"column":17}},"229":{"start":{"line":574,"column":31},"end":{"line":574,"column":68}},"230":{"start":{"line":575,"column":20},"end":{"line":579,"column":21}},"231":{"start":{"line":576,"column":24},"end":{"line":576,"column":39}},"232":{"start":{"line":578,"column":24},"end":{"line":578,"column":36}},"233":{"start":{"line":582,"column":36},"end":{"line":582,"column":58}},"234":{"start":{"line":583,"column":33},"end":{"line":583,"column":53}},"235":{"start":{"line":584,"column":27},"end":{"line":584,"column":31}},"236":{"start":{"line":585,"column":16},"end":{"line":591,"column":17}},"237":{"start":{"line":586,"column":20},"end":{"line":586,"column":79}},"238":{"start":{"line":587,"column":23},"end":{"line":591,"column":17}},"239":{"start":{"line":588,"column":20},"end":{"line":588,"column":85}},"240":{"start":{"line":589,"column":23},"end":{"line":591,"column":17}},"241":{"start":{"line":590,"column":20},"end":{"line":590,"column":109}},"242":{"start":{"line":593,"column":16},"end":{"line":593,"column":48}},"243":{"start":{"line":595,"column":16},"end":{"line":595,"column":99}},"244":{"start":{"line":596,"column":16},"end":{"line":596,"column":31}},"245":{"start":{"line":599,"column":12},"end":{"line":599,"column":85}},"246":{"start":{"line":600,"column":12},"end":{"line":600,"column":32}},"247":{"start":{"line":605,"column":0},"end":{"line":605,"column":61}},"248":{"start":{"line":607,"column":20},"end":{"line":614,"column":1}},"249":{"start":{"line":608,"column":4},"end":{"line":613,"column":5}},"250":{"start":{"line":609,"column":22},"end":{"line":609,"column":46}},"251":{"start":{"line":610,"column":8},"end":{"line":610,"column":52}},"252":{"start":{"line":612,"column":8},"end":{"line":612,"column":20}}},"fnMap":{"0":{"name":"(anonymous_0)","decl":{"start":{"line":30,"column":17},"end":{"line":30,"column":18}},"loc":{"start":{"line":30,"column":35},"end":{"line":119,"column":1}},"line":30},"1":{"name":"(anonymous_1)","decl":{"start":{"line":33,"column":11},"end":{"line":33,"column":12}},"loc":{"start":{"line":33,"column":57},"end":{"line":117,"column":5}},"line":33},"2":{"name":"(anonymous_2)","decl":{"start":{"line":67,"column":16},"end":{"line":67,"column":17}},"loc":{"start":{"line":67,"column":30},"end":{"line":115,"column":17}},"line":67},"3":{"name":"(anonymous_3)","decl":{"start":{"line":81,"column":24},"end":{"line":81,"column":25}},"loc":{"start":{"line":81,"column":49},"end":{"line":108,"column":25}},"line":81},"4":{"name":"(anonymous_4)","decl":{"start":{"line":94,"column":89},"end":{"line":94,"column":90}},"loc":{"start":{"line":94,"column":103},"end":{"line":107,"column":29}},"line":94},"5":{"name":"(anonymous_5)","decl":{"start":{"line":112,"column":46},"end":{"line":112,"column":47}},"loc":{"start":{"line":112,"column":57},"end":{"line":114,"column":21}},"line":112},"6":{"name":"getTargetRequest","decl":{"start":{"line":130,"column":9},"end":{"line":130,"column":25}},"loc":{"start":{"line":130,"column":97},"end":{"line":309,"column":1}},"line":130},"7":{"name":"(anonymous_7)","decl":{"start":{"line":240,"column":8},"end":{"line":240,"column":9}},"loc":{"start":{"line":240,"column":28},"end":{"line":240,"column":52}},"line":240},"8":{"name":"(anonymous_8)","decl":{"start":{"line":244,"column":50},"end":{"line":244,"column":51}},"loc":{"start":{"line":244,"column":56},"end":{"line":248,"column":9}},"line":244},"9":{"name":"(anonymous_9)","decl":{"start":{"line":251,"column":30},"end":{"line":251,"column":31}},"loc":{"start":{"line":251,"column":44},"end":{"line":295,"column":5}},"line":251},"10":{"name":"(anonymous_10)","decl":{"start":{"line":271,"column":12},"end":{"line":271,"column":13}},"loc":{"start":{"line":271,"column":24},"end":{"line":294,"column":13}},"line":271},"11":{"name":"handleTargetResponse","decl":{"start":{"line":319,"column":9},"end":{"line":319,"column":29}},"loc":{"start":{"line":319,"column":74},"end":{"line":393,"column":1}},"line":319},"12":{"name":"(anonymous_12)","decl":{"start":{"line":344,"column":8},"end":{"line":344,"column":9}},"loc":{"start":{"line":344,"column":31},"end":{"line":392,"column":9}},"line":344},"13":{"name":"(anonymous_13)","decl":{"start":{"line":365,"column":56},"end":{"line":365,"column":57}},"loc":{"start":{"line":365,"column":73},"end":{"line":371,"column":13}},"line":365},"14":{"name":"(anonymous_14)","decl":{"start":{"line":389,"column":16},"end":{"line":389,"column":17}},"loc":{"start":{"line":389,"column":38},"end":{"line":391,"column":17}},"line":389},"15":{"name":"subscribeToSourceRequestEvents","decl":{"start":{"line":403,"column":9},"end":{"line":403,"column":39}},"loc":{"start":{"line":403,"column":95},"end":{"line":443,"column":1}},"line":403},"16":{"name":"(anonymous_16)","decl":{"start":{"line":420,"column":28},"end":{"line":420,"column":29}},"loc":{"start":{"line":420,"column":34},"end":{"line":434,"column":5}},"line":420},"17":{"name":"(anonymous_17)","decl":{"start":{"line":422,"column":12},"end":{"line":422,"column":13}},"loc":{"start":{"line":422,"column":34},"end":{"line":433,"column":13}},"line":422},"18":{"name":"_subscribeToResponseEvents","decl":{"start":{"line":457,"column":9},"end":{"line":457,"column":35}},"loc":{"start":{"line":457,"column":134},"end":{"line":552,"column":1}},"line":457},"19":{"name":"(anonymous_19)","decl":{"start":{"line":468,"column":41},"end":{"line":468,"column":42}},"loc":{"start":{"line":468,"column":48},"end":{"line":470,"column":5}},"line":468},"20":{"name":"(anonymous_20)","decl":{"start":{"line":488,"column":40},"end":{"line":488,"column":41}},"loc":{"start":{"line":488,"column":46},"end":{"line":515,"column":5}},"line":488},"21":{"name":"(anonymous_21)","decl":{"start":{"line":490,"column":12},"end":{"line":490,"column":13}},"loc":{"start":{"line":490,"column":34},"end":{"line":514,"column":13}},"line":490},"22":{"name":"(anonymous_22)","decl":{"start":{"line":523,"column":31},"end":{"line":523,"column":32}},"loc":{"start":{"line":523,"column":42},"end":{"line":530,"column":5}},"line":523},"23":{"name":"(anonymous_23)","decl":{"start":{"line":532,"column":31},"end":{"line":532,"column":32}},"loc":{"start":{"line":532,"column":45},"end":{"line":551,"column":5}},"line":532},"24":{"name":"(anonymous_24)","decl":{"start":{"line":548,"column":12},"end":{"line":548,"column":13}},"loc":{"start":{"line":548,"column":26},"end":{"line":550,"column":13}},"line":548},"25":{"name":"(anonymous_25)","decl":{"start":{"line":554,"column":31},"end":{"line":554,"column":32}},"loc":{"start":{"line":554,"column":55},"end":{"line":558,"column":1}},"line":554},"26":{"name":"(anonymous_26)","decl":{"start":{"line":556,"column":34},"end":{"line":556,"column":35}},"loc":{"start":{"line":556,"column":46},"end":{"line":556,"column":90}},"line":556},"27":{"name":"getPluginHookForEvent","decl":{"start":{"line":560,"column":9},"end":{"line":560,"column":30}},"loc":{"start":{"line":560,"column":54},"end":{"line":604,"column":1}},"line":560},"28":{"name":"(anonymous_28)","decl":{"start":{"line":564,"column":11},"end":{"line":564,"column":12}},"loc":{"start":{"line":564,"column":25},"end":{"line":603,"column":5}},"line":564},"29":{"name":"(anonymous_29)","decl":{"start":{"line":571,"column":27},"end":{"line":571,"column":28}},"loc":{"start":{"line":571,"column":48},"end":{"line":580,"column":17}},"line":571},"30":{"name":"(anonymous_30)","decl":{"start":{"line":607,"column":20},"end":{"line":607,"column":21}},"loc":{"start":{"line":607,"column":47},"end":{"line":614,"column":1}},"line":607}},"branchMap":{"0":{"loc":{"start":{"
[...]
:33},"end":{"line":163,"column":34}},"loc":{"start":{"line":163,"column":47},"end":{"line":166,"column":9}},"line":163},"18":{"name":"(anonymous_18)","decl":{"start":{"line":166,"column":11},"end":{"line":166,"column":12}},"loc":{"start":{"line":166,"column":17},"end":{"line":179,"column":9}},"line":166},"19":{"name":"(anonymous_19)","decl":{"start":{"line":167,"column":24},"end":{"line":167,"column":25}},"loc":{"start":{"line":167,"column":33},"end":{"line":178,"column":11}},"line":167},"20":{"name":"(anonymous_20)","decl":{"start":{"line":173,"column":15},"end":{"line":173,"column":16}},"loc":{"start":{"line":173,"column":33},"end":{"line":177,"column":13}},"line":173},"21":{"name":"(anonymous_21)","decl":{"start":{"line":182,"column":74},"end":{"line":182,"column":75}},"loc":{"start":{"line":182,"column":84},"end":{"line":213,"column":7}},"line":182},"22":{"name":"(anonymous_22)","decl":{"start":{"line":196,"column":33},"end":{"line":196,"column":34}},"loc":{"start":{"line":196,"column":47},"end":{"line":199,"column":9}},"line":196},"23":{"name":"(anonymous_23)","decl":{"start":{"line":199,"column":11},"end":{"line":199,"column":12}},"loc":{"start":{"line":199,"column":17},"end":{"line":212,"column":9}},"line":199},"24":{"name":"(anonymous_24)","decl":{"start":{"line":200,"column":24},"end":{"line":200,"column":25}},"loc":{"start":{"line":200,"column":33},"end":{"line":211,"column":11}},"line":200},"25":{"name":"(anonymous_25)","decl":{"start":{"line":206,"column":15},"end":{"line":206,"column":16}},"loc":{"start":{"line":206,"column":33},"end":{"line":210,"column":13}},"line":206},"26":{"name":"(anonymous_26)","decl":{"start":{"line":215,"column":70},"end":{"line":215,"column":71}},"loc":{"start":{"line":215,"column":80},"end":{"line":246,"column":7}},"line":215},"27":{"name":"(anonymous_27)","decl":{"start":{"line":229,"column":33},"end":{"line":229,"column":34}},"loc":{"start":{"line":229,"column":47},"end":{"line":232,"column":9}},"line":229},"28":{"name":"(anonymous_28)","decl":{"start":{"line":232,"column":11},"end":{"line":232,"column":12}},"loc":{"start":{"line":232,"column":17},"end":{"line":245,"column":9}},"line":232},"29":{"name":"(anonymous_29)","decl":{"start":{"line":233,"column":24},"end":{"line":233,"column":25}},"loc":{"start":{"line":233,"column":33},"end":{"line":244,"column":11}},"line":233},"30":{"name":"(anonymous_30)","decl":{"start":{"line":239,"column":15},"end":{"line":239,"column":16}},"loc":{"start":{"line":239,"column":33},"end":{"line":243,"column":13}},"line":239},"31":{"name":"(anonymous_31)","decl":{"start":{"line":248,"column":89},"end":{"line":248,"column":90}},"loc":{"start":{"line":248,"column":99},"end":{"line":280,"column":7}},"line":248},"32":{"name":"(anonymous_32)","decl":{"start":{"line":263,"column":33},"end":{"line":263,"column":34}},"loc":{"start":{"line":263,"column":47},"end":{"line":266,"column":9}},"line":263},"33":{"name":"(anonymous_33)","decl":{"start":{"line":266,"column":11},"end":{"line":266,"column":12}},"loc":{"start":{"line":266,"column":17},"end":{"line":279,"column":9}},"line":266},"34":{"name":"(anonymous_34)","decl":{"start":{"line":267,"column":24},"end":{"line":267,"column":25}},"loc":{"start":{"line":267,"column":33},"end":{"line":278,"column":11}},"line":267},"35":{"name":"(anonymous_35)","decl":{"start":{"line":273,"column":15},"end":{"line":273,"column":16}},"loc":{"start":{"line":273,"column":33},"end":{"line":277,"column":13}},"line":273}},"branchMap":{"0":{"loc":{"start":{"line":38,"column":4},"end":{"line":44,"column":5}},"type":"if","locations":[{"start":{"line":38,"column":4},"end":{"line":44,"column":5}},{"start":{"line":38,"column":4},"end":{"line":44,"column":5}}],"line":38},"1":{"loc":{"start":{"line":61,"column":4},"end":{"line":79,"column":5}},"type":"if","locations":[{"start":{"line":61,"column":4},"end":{"line":79,"column":5}},{"start":{"line":61,"column":4},"end":{"line":79,"column":5}}],"line":61},"2":{"loc":{"start":{"line":64,"column":6},"end":{"line":78,"column":7}},"type":"if","locations":[{"start":{"line":64,"column":6},"end":{"line":78,"column":7}},{"start":{"line":64,"column":6},"end":{"line":78,"column":7}}],"line":64},"3":{"loc":{"start":{"line":99,"column":4},"end":{"line":101,"column":5}},"type":"if","locations":[{"start":{"line":99,"column":4},"end":{"line":101,"column":5}},{"start":{"line":99,"column":4},"end":{"line":101,"column":5}}],"line":99},"4":{"loc":{"start":{"line":103,"column":4},"end":{"line":106,"column":5}},"type":"if","locations":[{"start":{"line":103,"column":4},"end":{"line":106,"column":5}},{"start":{"line":103,"column":4},"end":{"line":106,"column":5}}],"line":103},"5":{"loc":{"start":{"line":108,"column":4},"end":{"line":110,"column":5}},"type":"if","locations":[{"start":{"line":108,"column":4},"end":{"line":110,"column":5}},{"start":{"line":108,"column":4},"end":{"line":110,"column":5}}],"line":108}},"s":{"0":1,"1":1,"2":1,"3":1,"4":1,"5":1,"6":1,"7":1,"8":1,"9":1,"10":1,"11":1,"12":1,"13":1,"14":1,"15":5,"16":2,"17":2,"18":1,"19":0,"20":0,"21":1,"22":1,"23":1,"24":1,"25":1,"26":1,"27":1,"28":1,"29":1,"30":1,"31":0,"32":0,"33":0,"34":0,"35":0,"36":0,"37":0,"38":0,"39":0,"40":5,"41":5,"42":5,"43":5,"44":5,"45":5,"46":5,"47":1,"48":1,"49":5,"50":5,"51":5,"52":5,"53":5,"54":5,"55":4,"56":5,"57":1,"58":1,"59":1,"60":1,"61":1,"62":1,"63":1,"64":1,"65":1,"66":1,"67":1,"68":1,"69":1,"70":1,"71":1,"72":1,"73":1,"74":1,"75":1,"76":1,"77":1,"78":1,"79":1,"80":1,"81":1,"82":1,"83":1,"84":1,"85":1,"86":1,"87":1,"88":1,"89":1,"90":1,"91":1,"92":1,"93":1,"94":1,"95":1,"96":1,"97":1,"98":1,"99":1,"100":1,"101":1,"102":1,"103":1,"104":1,"105":1,"106":1,"107":1,"108":1,"109":1,"110":1,"111":1,"112":1,"113":1,"114":1,"115":1},"f":{"0":5,"1":2,"2":1,"3":1,"4":5,"5":5,"6":1,"7":5,"8":5,"9":1,"10":1,"11":1,"12":1,"13":1,"14":1,"15":1,"16":1,"17":1,"18":1,"19":1,"20":1,"21":1,"22":1,"23":1,"24":1,"25":1,"26":1,"27":1,"28":1,"29":1,"30":1,"31":1,"32":1,"33":1,"34":1,"35":1},"b":{"0":[0,1],"1":[1,0],"2":[0,0],"3":[5,0],"4":[5,0],"5":[4,1]},"_coverageSchema":"43e27e138ebf9cfc5966b082cf9a028302ed4184","hash":"8b1cbc5a85c1198a1a99f1a01af8473c88790151","contentHash":"d767de3f8e9af5800bfdf3b39c38a20859884797f66e7638061cf80b2d00be48"},"/Users/leddyr/Documents/GitHub/forked-rl/microgateway-core/tests/request-timeout-tests.js":{"path":"/Users/leddyr/Documents/GitHub/forked-rl/microgateway-core/tests/request-timeout-tests.js","statementMap":{"0":{"start":{"line":3,"column":10},"end":{"line":3,"column":27}},"1":{"start":{"line":4,"column":15},"end":{"line":4,"column":32}},"2":{"start":{"line":5,"column":23},"end":{"line":5,"column":42}},"3":{"start":{"line":6,"column":16},"end":{"line":6,"column":34}},"4":{"start":{"line":7,"column":13},"end":{"line":7,"column":28}},"5":{"start":{"line":8,"column":15},"end":{"line":8,"column":32}},"6":{"start":{"line":9,"column":11},"end":{"line":9,"column":24}},"7":{"start":{"line":11,"column":20},"end":{"line":11,"column":24}},"8":{"start":{"line":12,"column":13},"end":{"line":12,"column":17}},"9":{"start":{"line":17,"column":21},"end":{"line":27,"column":1}},"10":{"start":{"line":18,"column":2},"end":{"line":18,"column":38}},"11":{"start":{"line":20,"column":2},"end":{"line":26,"column":4}},"12":{"start":{"line":21,"column":4},"end":{"line":21,"column":62}},"13":{"start":{"line":23,"column":4},"end":{"line":23,"column":36}},"14":{"start":{"line":25,"column":4},"end":{"line":25,"column":10}},"15":{"start":{"line":29,"column":0},"end":{"line":111,"column":2}},"16":{"start":{"line":30,"column":2},"end":{"line":40,"column":4}},"17":{"start":{"line":31,"column":4},"end":{"line":33,"column":5}},"18":{"start":{"line":32,"column":6},"end":{"line":32,"column":28}},"19":{"start":{"line":35,"column":4},"end":{"line":37,"column":5}},"20":{"start":{"line":36,"column":6},"end":{"line":36,"column":20}},"21":{"start":{"line":39,"column":4},"end":{"line":39,"column":10}},"22":{"start":{"line":42,"column":2},"end":{"line":110,"column":4}},"23":{"start":{"line":43,"column":4},"end":{"line":109,"column":6}},"24":{"start":{"line":44,"column":6},"end":{"line":76,"column":8}},"25":{"start":{"line":46,"column":27},"end":{"line":55,"column":9}},"26":{"start":{"line":57,"column":8},"end":{"line":75,"column":10}},"27":{"start":{"line":58,"column":10},"end":{"line":58,"column":61}},"28":{"start":{"line":59,"column":10},"end":{"line":61,"column":23}},"29":{"start":{"line":60,"column":12},"end":{"line":60,"column":25}},"30":{"start":{"line":63,"column":10},"end":{"line":74,"column":12}},"31":{"start":{"line":64,"column":12},"end":{"line":64,"column":32}},"32":{"start":{"line":66,"column":12},"end":{"line":73,"column":14}},"33":{"start":{"line":70,"column":14},"end":{"line":70,"column":34}},"34":{"start":{"line":71,"column":14},"end":{"line":71,"column":45}},"35":{"start":{"line":72,"column":14},"end":{"line":72,"column":20}},"36":{"start":{"line":78,"column":6},"end":{"line":108,"column":8}},"37":{"start":{"line":80,"column":27},"end":{"line":89,"column":9}},"38":{"start":{"line":91,"column":8},"end":{"line":107,"column":10}},"39":{"start":{"line":92,"column":10},"end":{"line":92,"column":61}},"40":{"start":{"line":93,"column":10},"end":{"line":93,"column":23}},"41":{"start":{"line":95,"column":10},"end":{"line":106,"column":12}},"42":{"start":{"line":96,"column":12},"end":{"line":96,"column":32}},"43":{"start":{"line":98,"column":12},"end":{"line":105,"column":14}},"44":{"start":{"line":102,"column":14},"end":{"line":102,"column":34}},"45":{"start":{"line":103,"column":14},"end":{"line":103,"column":45}},"46":{"start":{"line":104,"column":14},"end":{"line":104,"column":20}}},"fnMap":{"0":{"name":"(anonymous_0)","decl":{"start":{"line":17,"column":21},"end":{"line":17,"column":22}},"loc":{"start":{"line":17,"column":48},"end":{"line":27,"column":1}},"line":17},"1":{"name":"(anonymous_1)","decl":{"start":{"line":20,"column":22},"end":{"line":20,"column":23}},"loc":{"start":{"line":20,"column":33},"end":{"line":26,"column":3}},"line":20},"2":{"name":"(anonymous_2)","decl":{"start":{"line":29,"column":40},"end":{"line":29,"column":41}},"loc":{"start":{"line":29,"column":46},"end":{"line":111,"column":1}},"line":29},"3":{"name":"(anonymous_3)","decl":{"start":{"line":30,"column":12},"end":{"line":30,"column":13}},"loc":{"start":{"line":30,"column":22},"end":{"line":40,"column":3}},"line":30},"4":{"name":"(anonymous_4)","decl":{"start":{"line":32,"column":19},"end":{"line":32,"column":20}},"loc":{"start":{"line":32,"column":25},"end":{"line":32,"column":27}},"line":32},"5":{"name":"(anonymous_5)","decl":{"start":{"line":42,"column":21},"end":{"line":42,"column":22}},"loc":{"start":{"line":42,"column":27},"end":{"line":110,"column":3}},"line":42},"6":{"name":"(anonymous_6)","decl":{"start":{"line":43,"column":35},"end":{"line":43,"column":36}},"loc":{"start":{"line":43,"column":41},"end":{"line":109,"column":5}},"line":43},"7":{"name":"(anonymous_7)","decl":{"start":{"line":44,"column":94},"end":{"line":44,"column":95}},"loc":{"start":{"line":44,"column":104},"end":{"line":76,"column":7}},"line":44},"8":{"name":"(anonymous_8)","decl":{"start":{"line":57,"column":33},"end":{"line":57,"column":34}},"loc":{"start":{"line":57,"column":47},"end":{"line":62,"column":9}},"line":57},"9":{"name":"(anonymous_9)","decl":{"start":{"line":59,"column":21},"end":{"line":59,"column":22}},"loc":{"start":{"line":59,"column":26},"end":{"line":61,"column":11}},"line":59},"10":{"name":"(anonymous_10)","decl":{"start":{"line":62,"column":11},"end":{"line":62,"column":12}},"loc":{"start":{"line":62,"column":17},"end":{"line":75,"column":9}},"line":62},"11":{"name":"(anonymous_11)","decl":{"start":{"line":63,"column":24},"end":{"line":63,"column":25}},"loc":{"start":{"line":63,"column":33},"end":{"line":74,"column":11}},"line":63},"12":{"name":"(anonymous_12)","decl":{"start":{"line":69,"column":15},"end":{"line":69,"column":16}},"loc":{"start":{"line":69,"column":33},"end":{"line":73,"column":13}},"line":69},"13":{"name":"(anonymous_13)","decl":{"start":{"line":78,"column":119},"end":{"line":78,"column":120}},"loc":{"start":{"line":78,"column":129},"end":{"line":108,"column":7}},"line":78},"14":{"name":"(anonymous_14)","decl":{"start":{"line":91,"column":33},"end":{"line":91,"column":34}},"loc":{"start":{"line":91,"column":47},"end":{"line":94,"column":9}},"line":91},"15":{"name":"(anonymous_15)","decl":{"start":{"line":94,"column":11},"end":{"line":94,"column":12}},"loc":{"start":{"line":94,"column":17},"end":{"line":107,"column":9}},"line":94},"16":{"name":"(anonymous_16)","decl":{"start":{"line":95,"column":24},"end":{"line":95,"column":25}},"loc":{"start":{"line":95,"column":33},"end":{"line":106,"column":11}},"line":95},"17":{"name":"(anonymous_17)","decl":{"start":{"line":101,"column":15},"end":{"line":101,"column":16}},"loc":{"start":{"line":101,"column":33},"end":{"line":105,"column":13}},"line":101}},"branchMap":{"0":{"loc":{"start":{"line":31,"column":4},"end":{"line":33,"column":5}},"type":"if","locations":[{"start":{"line":31,"column":4},"end":{"line":33,"column":5}},{"start":{"line":31,"column":4},"end":{"line":33,"column":5}}],"line":31},"1":{"loc":{"start":{"line":35,"column":4},"end":{"line":37,"column":5}},"type":"if","locations":[{"start":{"line":35,"column":4},"end":{"line":37,"column":5}},{"start":{"line":35,"column":4},"end":{"line":37,"column":5}}],"line":35}},"s":{"0":1,"1":1,"2":1,"3":1,"4":1,"5":1,"6":1,"7":1,"8":1,"9":1,"10":2,"11":2,"12":2,"13":2,"14":2,"15":1,"16":1,"17":2,"18":2,"19":2,"20":2,"21":2,"22":1,"23":1,"24":1,"25":1,"26":1,"27":1,"28":1,"29":1,"30":1,"31":1,"32":1,"33":1,"34":1,"35":1,"36":1,"37":1,"38":1,"39":1,"40":1,"41":1,"42":1,"43":1,"44":1,"45":1,"46":1},"f":{"0":2,"1":2,"2":1,"3":2,"4":2,"5":1,"6":1,"7":1,"8":1,"9":1,"10":1,"11":1,"12":1,"13":1,"14":1,"15":1,"16":1,"17":1},"b":{"0":[2,0],"1":[2,0]},"_coverageSchema":"43e27e138ebf9cfc5966b082cf9a028302ed4184","hash":"81fc37becec73a232cebfdf9185bd5d06691db1f","contentHash":"32b94fe8acdbf6c513a217465e3671a472a072f2d111b522106f945aa05d17ab"},"/Users/leddyr/Documents/GitHub/forked-rl/microgateway-core/tests/response-status-message-tests.js":{"path":"/Users/leddyr/Documents/GitHub/forked-rl/microgateway-core/tests/response-status-message-tests.js","statementMap":{"0":{"start":{"line":3,"column":10},"end":{"line":3,"column":27}},"1":{"start":{"line":4,"column":15},"end":{"line":4,"column":32}},"2":{"start":{"line":5,"column":23},"end":{"line":5,"column":42}},"3":{"start":{"line":6,"column":16},"end":{"line":6,"column":34}},"4":{"start":{"line":7,"column":13},"end":{"line":7,"column":28}},"5":{"start":{"line":8,"column":15},"end":{"line":8,"column":32}},"6":{"start":{"line":9,"column":11},"end":{"line":9,"column":24}},"7":{"start":{"line":11,"column":20},"end":{"line":11,"column":24}},"8":{"start":{"line":12,"column":13},"end":{"line":12,"column":17}},"9":{"start":{"line":17,"column":21},"end":{"line":28,"column":1}},"10":{"start":{"line":19,"column":2},"end":{"line":19,"column":38}},"11":{"start":{"line":21,"column":2},"end":{"line":27,"column":4}},"12":{"start":{"line":22,"column":4},"end":{"line":22,"column":62}},"13":{"start":{"line":24,"column":4},"end":{"line":24,"column":36}},"14":{"start":{"line":26,"column":4},"end":{"line":26,"column":10}},"15":{"start":{"line":30,"column":0},"end":{"line":80,"column":2}},"16":{"start":{"line":31,"column":2},"end":{"line":41,"column":4}},"17":{"start":{"line":32,"column":4},"end":{"line":34,"column":5}},"18":{"start":{"line":33,"column":6},"end":{"line":33,"column":28}},"19":{"start":{"line":36,"column":4},"end":{"line":38,"column":5}},"20":{"start":{"line":37,"column":6},"end":{"line":37,"column":20}},"21":{"start":{"line":40,"column":4},"end":{"line":40,"column":10}},"22":{"start":{"line":43,"column":2},"end":{"line":79,"column":4}},"23":{"start":{"line":44,"column":4},"end":{"line":78,"column":6}},"24":{"start":{"line":45,"column":6},"end":{"line":77,"column":8}},"25":{"start":{"line":47,"column":27},"end":{"line":56,"column":9}},"26":{"start":{"line":58,"column":8},"end":{"line":76,"column":10}},"27":{"start":{"line":59,"column":10},"end":{"line":59,"column":61}},"28":{"start":{"line":60,"column":10},"end":{"line":60,"column":73}},"29":{"start":{"line":61,"column":10},"end":{"line":61,"column":23}},"30":{"start":{"line":63,"column":10},"end":{"line":75,"column":12}},"31":{"start":{"line":64,"column":12},"end":{"line":64,"column":32}},"32":{"start":{"line":66,"column":12},"end":{"line":74,"column":14}},"33":{"start":{"line":70,"column":14},"end":{"line":70,"column":34}},"34":{"start":{"line":71,"column":14},"end":{"line":71,"column":45}},"35":{"start":{"line":72,"column":14},"end":{"line":72,"column":88}},"36":{"start":{"line":73,"column":14},"end":{"line":73,"column":20}}},"fnMap":{"0":{"name":"(anonymous_0)","decl":{"start":{"line":17,"column":21},"end":{"line":17,"column":22}},"loc":{"start":{"line":17,"column":48},"end":{"line":28,"column":1}},"line":17},"1":{"name":"(anonymous_1)","decl":{"start":{"line":21,"column":22},"end":{"line":21,"column":23}},"loc":{"start":{"line":21,"column":33},"end":{"line":27,"column":3}},"line":21},"2":{"name":"(anonymous_2)","decl":{"start":{"line":30,"column":48},"end":{"line":30,"column":49}},"loc":{"start":{"line":30,"column":54},"end":{"line":80,"column":1}},"line":30},"3":{"name":"(anonymous_3)","decl":{"start":{"line":31,"column":12},"end":{"line":31,"column":13}},"loc":{"start":{"line":31,"column":22},"end":{"line":41,"column":3}},"line":31},"4":{"name":"(anonymous_4)","decl":{"start":{"line":33,"column":19},"end":{"line":33,"column":20}},"loc":{"start":{"line":33,"column":25},"end":{"line":33,"column":27}},"line":33},"5":{"name":"(anonymous_5)","decl":{"start":{"line":43,"column":21},"end":{"line":43,"column":22}},"loc":{"start":{"line":43,"column":27},"end":{"line":79,"column":3}},"line":43},"6":{"name":"(anonymous_6)","decl":{"start":{"line":44,"column":25},"end":{"line":44,"column":26}},"loc":{"start":{"line":44,"column":31},"end":{"line":78,"column":5}},"line":44},"7":{"name":"(anonymous_7)","decl":{"start":{"line":45,"column":63},"end":{"line":45,"column":64}},"loc":{"start":{"line":45,"column":73},"end":{"line":77,"column":7}},"line":45},"8":{"name":"(anonymous_8)","decl":{"start":{"line":58,"column":33},"end":{"line":58,"column":34}},"loc":{"start":{"line":58,"column":47},"end":{"line":62,"column":9}},"line":58},"9":{"name":"(anonymous_9)","decl":{"start":{"line":62,"column":11},"end":{"line":62,"column":12}},"loc":{"start":{"line":62,"column":17},"end":{"line":76,"column":9}},"line":62},"10":{"name":"(anonymous_10)","decl":{"start":{"line":63,"column":24},"end":{"line":63,"column":25}},"loc":{"start":{"line":63,"column":33},"end":{"line":75,"column":11}},"line":63},"11":{"name":"(anonymous_11)","decl":{"start":{"line":69,"column":15},"end":{"line":69,"column":16}},"loc":{"start":{"line":69,"column":33},"end":{"line":74,"column":13}},"line":69}},"branchMap":{"0":{"loc":{"start":{"line":32,"column":4},"end":{"line":34,"column":5}},"type":"if","locations":[{"start":{"line":32,"column":4},"end":{"line":34,"column":5}},{"start":{"line":32,"column":4},"end":{"line":34,"column":5}}],"line":32},"1":{"loc":{"start":{"line":36,"column":4},"end":{"line":38,"column":5}},"type":"if","locations":[{"start":{"line":36,"column":4},"end":{"line":38,"column":5}},{"start":{"line":36,"column":4},"end":{"line":38,"column":5}}],"line":36}},"s":{"0":1,"1":1,"2":1,"3":1,"4":1,"5":1,"6":1,"7":1,"8":1,"9":1,"10":1,"11":1,"12":1,"13":1,"14":1,"15":1,"16":1,"17":1,"18":1,"19":1,"20":1,"21":1,"22":1,"23":1,"24":1,"25":1,"26":1,"27":1,"28":1,"29":1,"30":1,"31":1,"32":1,"33":1,"34":1,"35":1,"36":1},"f":{"0":1,"1":1,"2":1,"3":1,"4":1,"5":1,"6":1,"7":1,"8":1,"9":1,"10":1,"11":1},"b":{"0":[1,0],"1":[1,0]},"_coverageSchema":"43e27e138ebf9cfc5966b082cf9a028302ed4184","hash":"f08312520532047ffa544594519d327c2d28e723","contentHash":"e96d3eb6cb9cc03b028f6f3ff06bd4d42c4998a9011d9a06ed9e733ff9aee8c2"}}